mode: set
github.com/NStegura/metrics/internal/app/metricsapi/config.go:25.26,35.2 1 1
github.com/NStegura/metrics/internal/app/metricsapi/config.go:38.43,54.51 9 0
github.com/NStegura/metrics/internal/app/metricsapi/config.go:54.51,56.3 1 0
github.com/NStegura/metrics/internal/app/metricsapi/config.go:58.2,58.54 1 0
github.com/NStegura/metrics/internal/app/metricsapi/config.go:58.54,60.3 1 0
github.com/NStegura/metrics/internal/app/metricsapi/config.go:62.2,62.54 1 0
github.com/NStegura/metrics/internal/app/metricsapi/config.go:62.54,64.3 1 0
github.com/NStegura/metrics/internal/app/metricsapi/config.go:66.2,66.51 1 0
github.com/NStegura/metrics/internal/app/metricsapi/config.go:66.51,68.3 1 0
github.com/NStegura/metrics/internal/app/metricsapi/config.go:70.2,70.55 1 0
github.com/NStegura/metrics/internal/app/metricsapi/config.go:70.55,72.17 2 0
github.com/NStegura/metrics/internal/app/metricsapi/config.go:72.17,74.4 1 0
github.com/NStegura/metrics/internal/app/metricsapi/config.go:76.2,76.40 1 0
github.com/NStegura/metrics/internal/app/metricsapi/config.go:76.40,78.3 1 0
github.com/NStegura/metrics/internal/app/metricsapi/config.go:80.2,80.50 1 0
github.com/NStegura/metrics/internal/app/metricsapi/config.go:80.50,81.20 1 0
github.com/NStegura/metrics/internal/app/metricsapi/config.go:82.15,83.20 1 0
github.com/NStegura/metrics/internal/app/metricsapi/config.go:84.16,85.21 1 0
github.com/NStegura/metrics/internal/app/metricsapi/config.go:86.11,87.20 1 0
github.com/NStegura/metrics/internal/app/metricsapi/config.go:91.2,92.8 2 0
github.com/NStegura/metrics/internal/app/metricsapi/gzip_middleware.go:17.55,19.16 2 1
github.com/NStegura/metrics/internal/app/metricsapi/gzip_middleware.go:19.16,21.3 1 0
github.com/NStegura/metrics/internal/app/metricsapi/gzip_middleware.go:22.2,22.19 1 1
github.com/NStegura/metrics/internal/app/metricsapi/gzip_middleware.go:25.54,26.45 1 1
github.com/NStegura/metrics/internal/app/metricsapi/gzip_middleware.go:26.45,28.3 1 1
github.com/NStegura/metrics/internal/app/metricsapi/gzip_middleware.go:29.2,29.42 1 1
github.com/NStegura/metrics/internal/app/metricsapi/gzip_middleware.go:32.40,33.37 1 1
github.com/NStegura/metrics/internal/app/metricsapi/gzip_middleware.go:33.37,35.3 1 0
github.com/NStegura/metrics/internal/app/metricsapi/gzip_middleware.go:36.2,36.12 1 1
github.com/NStegura/metrics/internal/app/metricsapi/gzip_middleware.go:44.66,46.16 2 0
github.com/NStegura/metrics/internal/app/metricsapi/gzip_middleware.go:46.16,48.3 1 0
github.com/NStegura/metrics/internal/app/metricsapi/gzip_middleware.go:50.2,53.8 1 0
github.com/NStegura/metrics/internal/app/metricsapi/gzip_middleware.go:56.59,58.16 2 0
github.com/NStegura/metrics/internal/app/metricsapi/gzip_middleware.go:58.16,59.29 1 0
github.com/NStegura/metrics/internal/app/metricsapi/gzip_middleware.go:59.29,61.4 1 0
github.com/NStegura/metrics/internal/app/metricsapi/gzip_middleware.go:62.3,62.49 1 0
github.com/NStegura/metrics/internal/app/metricsapi/gzip_middleware.go:64.2,64.19 1 0
github.com/NStegura/metrics/internal/app/metricsapi/gzip_middleware.go:67.40,68.37 1 0
github.com/NStegura/metrics/internal/app/metricsapi/gzip_middleware.go:68.37,70.3 1 0
github.com/NStegura/metrics/internal/app/metricsapi/gzip_middleware.go:71.2,71.12 1 0
github.com/NStegura/metrics/internal/app/metricsapi/gzip_middleware.go:74.65,75.71 1 1
github.com/NStegura/metrics/internal/app/metricsapi/gzip_middleware.go:75.71,80.19 4 1
github.com/NStegura/metrics/internal/app/metricsapi/gzip_middleware.go:80.19,83.17 3 1
github.com/NStegura/metrics/internal/app/metricsapi/gzip_middleware.go:83.17,84.38 1 1
github.com/NStegura/metrics/internal/app/metricsapi/gzip_middleware.go:84.38,86.6 1 0
github.com/NStegura/metrics/internal/app/metricsapi/gzip_middleware.go:90.3,92.16 3 1
github.com/NStegura/metrics/internal/app/metricsapi/gzip_middleware.go:92.16,94.18 2 0
github.com/NStegura/metrics/internal/app/metricsapi/gzip_middleware.go:94.18,98.5 3 0
github.com/NStegura/metrics/internal/app/metricsapi/gzip_middleware.go:99.4,100.17 2 0
github.com/NStegura/metrics/internal/app/metricsapi/gzip_middleware.go:100.17,101.38 1 0
github.com/NStegura/metrics/internal/app/metricsapi/gzip_middleware.go:101.38,103.6 1 0
github.com/NStegura/metrics/internal/app/metricsapi/gzip_middleware.go:106.3,106.21 1 1
github.com/NStegura/metrics/internal/app/metricsapi/hash_validation_middleware.go:12.65,13.71 1 1
github.com/NStegura/metrics/internal/app/metricsapi/hash_validation_middleware.go:13.71,14.68 1 1
github.com/NStegura/metrics/internal/app/metricsapi/hash_validation_middleware.go:14.68,17.18 3 0
github.com/NStegura/metrics/internal/app/metricsapi/hash_validation_middleware.go:17.18,21.5 3 0
github.com/NStegura/metrics/internal/app/metricsapi/hash_validation_middleware.go:23.4,24.18 2 0
github.com/NStegura/metrics/internal/app/metricsapi/hash_validation_middleware.go:24.18,28.5 3 0
github.com/NStegura/metrics/internal/app/metricsapi/hash_validation_middleware.go:29.4,34.18 5 0
github.com/NStegura/metrics/internal/app/metricsapi/hash_validation_middleware.go:34.18,38.5 3 0
github.com/NStegura/metrics/internal/app/metricsapi/hash_validation_middleware.go:39.4,39.42 1 0
github.com/NStegura/metrics/internal/app/metricsapi/hash_validation_middleware.go:39.42,42.5 2 0
github.com/NStegura/metrics/internal/app/metricsapi/hash_validation_middleware.go:44.3,44.20 1 1
github.com/NStegura/metrics/internal/app/metricsapi/log_middleware.go:21.62,23.16 2 1
github.com/NStegura/metrics/internal/app/metricsapi/log_middleware.go:23.16,25.3 1 0
github.com/NStegura/metrics/internal/app/metricsapi/log_middleware.go:26.2,27.18 2 1
github.com/NStegura/metrics/internal/app/metricsapi/log_middleware.go:30.61,33.2 2 1
github.com/NStegura/metrics/internal/app/metricsapi/log_middleware.go:35.64,36.71 1 1
github.com/NStegura/metrics/internal/app/metricsapi/log_middleware.go:36.71,56.3 6 1
github.com/NStegura/metrics/internal/app/metricsapi/server.go:48.69,55.2 1 1
github.com/NStegura/metrics/internal/app/metricsapi/server.go:58.35,62.73 3 0
github.com/NStegura/metrics/internal/app/metricsapi/server.go:62.73,64.3 1 0
github.com/NStegura/metrics/internal/app/metricsapi/server.go:65.2,65.12 1 0
github.com/NStegura/metrics/internal/app/metricsapi/server.go:68.36,76.46 6 1
github.com/NStegura/metrics/internal/app/metricsapi/server.go:76.46,78.40 2 1
github.com/NStegura/metrics/internal/app/metricsapi/server.go:78.40,80.4 1 1
github.com/NStegura/metrics/internal/app/metricsapi/server.go:81.3,81.42 1 1
github.com/NStegura/metrics/internal/app/metricsapi/server.go:81.42,83.4 1 1
github.com/NStegura/metrics/internal/app/metricsapi/server.go:86.2,86.47 1 1
github.com/NStegura/metrics/internal/app/metricsapi/server.go:86.47,88.84 2 1
github.com/NStegura/metrics/internal/app/metricsapi/server.go:88.84,90.4 1 1
github.com/NStegura/metrics/internal/app/metricsapi/server.go:91.3,91.40 1 1
github.com/NStegura/metrics/internal/app/metricsapi/server.go:91.40,93.4 1 1
github.com/NStegura/metrics/internal/app/metricsapi/server.go:94.3,94.42 1 1
github.com/NStegura/metrics/internal/app/metricsapi/server.go:94.42,96.4 1 1
github.com/NStegura/metrics/internal/app/metricsapi/server.go:99.2,99.33 1 1
github.com/NStegura/metrics/internal/app/metricsapi/server.go:102.54,103.54 1 1
github.com/NStegura/metrics/internal/app/metricsapi/server.go:103.54,108.17 4 1
github.com/NStegura/metrics/internal/app/metricsapi/server.go:108.17,109.48 1 0
github.com/NStegura/metrics/internal/app/metricsapi/server.go:109.48,112.5 2 0
github.com/NStegura/metrics/internal/app/metricsapi/server.go:113.4,114.10 2 0
github.com/NStegura/metrics/internal/app/metricsapi/server.go:117.3,119.25 2 1
github.com/NStegura/metrics/internal/app/metricsapi/server.go:119.25,121.4 1 1
github.com/NStegura/metrics/internal/app/metricsapi/server.go:122.3,122.25 1 1
github.com/NStegura/metrics/internal/app/metricsapi/server.go:122.25,124.4 1 1
github.com/NStegura/metrics/internal/app/metricsapi/server.go:125.3,127.57 3 1
github.com/NStegura/metrics/internal/app/metricsapi/server.go:127.57,129.4 1 0
github.com/NStegura/metrics/internal/app/metricsapi/server.go:133.57,134.54 1 1
github.com/NStegura/metrics/internal/app/metricsapi/server.go:134.54,140.72 4 0
github.com/NStegura/metrics/internal/app/metricsapi/server.go:140.72,143.4 2 0
github.com/NStegura/metrics/internal/app/metricsapi/server.go:144.3,144.34 1 0
github.com/NStegura/metrics/internal/app/metricsapi/server.go:144.34,145.24 1 0
github.com/NStegura/metrics/internal/app/metricsapi/server.go:146.23,147.28 1 0
github.com/NStegura/metrics/internal/app/metricsapi/server.go:147.28,150.6 2 0
github.com/NStegura/metrics/internal/app/metricsapi/server.go:151.5,156.19 2 0
github.com/NStegura/metrics/internal/app/metricsapi/server.go:156.19,159.6 2 0
github.com/NStegura/metrics/internal/app/metricsapi/server.go:160.25,161.28 1 0
github.com/NStegura/metrics/internal/app/metricsapi/server.go:161.28,164.6 2 0
github.com/NStegura/metrics/internal/app/metricsapi/server.go:165.5,170.19 2 0
github.com/NStegura/metrics/internal/app/metricsapi/server.go:170.19,173.6 2 0
github.com/NStegura/metrics/internal/app/metricsapi/server.go:174.12,176.11 2 0
github.com/NStegura/metrics/internal/app/metricsapi/server.go:179.3,179.31 1 0
github.com/NStegura/metrics/internal/app/metricsapi/server.go:183.57,184.54 1 1
github.com/NStegura/metrics/internal/app/metricsapi/server.go:184.54,189.15 4 1
github.com/NStegura/metrics/internal/app/metricsapi/server.go:189.15,192.4 2 0
github.com/NStegura/metrics/internal/app/metricsapi/server.go:193.3,194.17 2 1
github.com/NStegura/metrics/internal/app/metricsapi/server.go:194.17,195.48 1 1
github.com/NStegura/metrics/internal/app/metricsapi/server.go:195.48,198.5 2 1
github.com/NStegura/metrics/internal/app/metricsapi/server.go:199.4,200.10 2 0
github.com/NStegura/metrics/internal/app/metricsapi/server.go:202.3,204.75 3 1
github.com/NStegura/metrics/internal/app/metricsapi/server.go:204.75,206.4 1 0
github.com/NStegura/metrics/internal/app/metricsapi/server.go:210.60,211.54 1 1
github.com/NStegura/metrics/internal/app/metricsapi/server.go:211.54,220.67 6 1
github.com/NStegura/metrics/internal/app/metricsapi/server.go:220.67,223.4 2 0
github.com/NStegura/metrics/internal/app/metricsapi/server.go:225.3,226.17 2 1
github.com/NStegura/metrics/internal/app/metricsapi/server.go:226.17,229.4 2 0
github.com/NStegura/metrics/internal/app/metricsapi/server.go:230.3,231.17 2 1
github.com/NStegura/metrics/internal/app/metricsapi/server.go:231.17,234.4 2 0
github.com/NStegura/metrics/internal/app/metricsapi/server.go:235.3,235.31 1 1
github.com/NStegura/metrics/internal/app/metricsapi/server.go:239.55,240.54 1 1
github.com/NStegura/metrics/internal/app/metricsapi/server.go:240.54,245.15 4 1
github.com/NStegura/metrics/internal/app/metricsapi/server.go:245.15,248.4 2 0
github.com/NStegura/metrics/internal/app/metricsapi/server.go:249.3,250.17 2 1
github.com/NStegura/metrics/internal/app/metricsapi/server.go:250.17,251.48 1 1
github.com/NStegura/metrics/internal/app/metricsapi/server.go:251.48,254.5 2 1
github.com/NStegura/metrics/internal/app/metricsapi/server.go:255.4,256.10 2 0
github.com/NStegura/metrics/internal/app/metricsapi/server.go:258.3,260.71 3 1
github.com/NStegura/metrics/internal/app/metricsapi/server.go:260.71,262.4 1 0
github.com/NStegura/metrics/internal/app/metricsapi/server.go:266.58,267.54 1 1
github.com/NStegura/metrics/internal/app/metricsapi/server.go:267.54,276.67 6 1
github.com/NStegura/metrics/internal/app/metricsapi/server.go:276.67,279.4 2 0
github.com/NStegura/metrics/internal/app/metricsapi/server.go:281.3,282.17 2 1
github.com/NStegura/metrics/internal/app/metricsapi/server.go:282.17,285.4 2 0
github.com/NStegura/metrics/internal/app/metricsapi/server.go:286.3,287.17 2 1
github.com/NStegura/metrics/internal/app/metricsapi/server.go:287.17,290.4 2 0
github.com/NStegura/metrics/internal/app/metricsapi/server.go:291.3,291.31 1 1
github.com/NStegura/metrics/internal/app/metricsapi/server.go:295.53,296.54 1 1
github.com/NStegura/metrics/internal/app/metricsapi/server.go:296.54,302.71 4 1
github.com/NStegura/metrics/internal/app/metricsapi/server.go:302.71,305.4 2 0
github.com/NStegura/metrics/internal/app/metricsapi/server.go:307.3,307.23 1 1
github.com/NStegura/metrics/internal/app/metricsapi/server.go:308.22,309.27 1 1
github.com/NStegura/metrics/internal/app/metricsapi/server.go:309.27,312.5 2 0
github.com/NStegura/metrics/internal/app/metricsapi/server.go:313.4,318.18 2 1
github.com/NStegura/metrics/internal/app/metricsapi/server.go:318.18,321.5 2 0
github.com/NStegura/metrics/internal/app/metricsapi/server.go:322.24,323.27 1 1
github.com/NStegura/metrics/internal/app/metricsapi/server.go:323.27,326.5 2 0
github.com/NStegura/metrics/internal/app/metricsapi/server.go:327.4,332.18 2 1
github.com/NStegura/metrics/internal/app/metricsapi/server.go:332.18,335.5 2 0
github.com/NStegura/metrics/internal/app/metricsapi/server.go:336.11,338.10 2 1
github.com/NStegura/metrics/internal/app/metricsapi/server.go:340.3,340.31 1 1
github.com/NStegura/metrics/internal/app/metricsapi/server.go:344.50,345.54 1 1
github.com/NStegura/metrics/internal/app/metricsapi/server.go:345.54,351.71 4 0
github.com/NStegura/metrics/internal/app/metricsapi/server.go:351.71,354.4 2 0
github.com/NStegura/metrics/internal/app/metricsapi/server.go:356.3,356.23 1 0
github.com/NStegura/metrics/internal/app/metricsapi/server.go:357.22,359.18 2 0
github.com/NStegura/metrics/internal/app/metricsapi/server.go:359.18,360.49 1 0
github.com/NStegura/metrics/internal/app/metricsapi/server.go:360.49,363.6 2 0
github.com/NStegura/metrics/internal/app/metricsapi/server.go:364.5,365.11 2 0
github.com/NStegura/metrics/internal/app/metricsapi/server.go:367.4,368.30 2 0
github.com/NStegura/metrics/internal/app/metricsapi/server.go:369.24,371.18 2 0
github.com/NStegura/metrics/internal/app/metricsapi/server.go:371.18,372.49 1 0
github.com/NStegura/metrics/internal/app/metricsapi/server.go:372.49,375.6 2 0
github.com/NStegura/metrics/internal/app/metricsapi/server.go:376.5,377.11 2 0
github.com/NStegura/metrics/internal/app/metricsapi/server.go:379.4,380.30 2 0
github.com/NStegura/metrics/internal/app/metricsapi/server.go:381.11,383.10 2 0
github.com/NStegura/metrics/internal/app/metricsapi/server.go:388.45,389.54 1 1
github.com/NStegura/metrics/internal/app/metricsapi/server.go:389.54,393.41 3 0
github.com/NStegura/metrics/internal/app/metricsapi/server.go:393.41,397.4 3 0
github.com/NStegura/metrics/internal/app/metricsapi/server.go:399.3,399.31 1 0
github.com/NStegura/metrics/internal/app/metricsapi/server.go:403.83,407.16 3 0
github.com/NStegura/metrics/internal/app/metricsapi/server.go:407.16,410.3 2 0
github.com/NStegura/metrics/internal/app/metricsapi/server.go:411.2,412.45 2 0
github.com/NStegura/metrics/internal/app/metricsapi/server.go:412.45,414.3 1 0
github.com/NStegura/metrics/internal/app/metricsapi/server.go:417.107,418.17 1 1
github.com/NStegura/metrics/internal/app/metricsapi/server.go:418.17,421.3 2 0
github.com/NStegura/metrics/internal/app/metricsapi/server.go:423.2,427.8 1 1
github.com/NStegura/metrics/internal/app/metricsapi/models/models.go:36.49,38.16 2 1
github.com/NStegura/metrics/internal/app/metricsapi/models/models.go:38.16,40.3 1 0
github.com/NStegura/metrics/internal/app/metricsapi/models/models.go:41.2,41.48 1 1
github.com/NStegura/metrics/internal/app/metricsapi/models/models.go:44.53,46.16 2 1
github.com/NStegura/metrics/internal/app/metricsapi/models/models.go:46.16,48.3 1 0
github.com/NStegura/metrics/internal/app/metricsapi/models/models.go:49.2,49.50 1 1
github.com/NStegura/metrics/internal/app/metricsapi/models/models_easyjson.go:21.116,23.17 2 0
github.com/NStegura/metrics/internal/app/metricsapi/models/models_easyjson.go:23.17,26.3 2 0
github.com/NStegura/metrics/internal/app/metricsapi/models/models_easyjson.go:26.8,28.18 2 0
github.com/NStegura/metrics/internal/app/metricsapi/models/models_easyjson.go:28.18,29.24 1 0
github.com/NStegura/metrics/internal/app/metricsapi/models/models_easyjson.go:29.24,31.5 1 0
github.com/NStegura/metrics/internal/app/metricsapi/models/models_easyjson.go:31.10,33.5 1 0
github.com/NStegura/metrics/internal/app/metricsapi/models/models_easyjson.go:34.9,36.4 1 0
github.com/NStegura/metrics/internal/app/metricsapi/models/models_easyjson.go:37.3,37.24 1 0
github.com/NStegura/metrics/internal/app/metricsapi/models/models_easyjson.go:37.24,42.4 4 0
github.com/NStegura/metrics/internal/app/metricsapi/models/models_easyjson.go:43.3,43.16 1 0
github.com/NStegura/metrics/internal/app/metricsapi/models/models_easyjson.go:45.2,45.16 1 0
github.com/NStegura/metrics/internal/app/metricsapi/models/models_easyjson.go:45.16,47.3 1 0
github.com/NStegura/metrics/internal/app/metricsapi/models/models_easyjson.go:49.117,50.59 1 0
github.com/NStegura/metrics/internal/app/metricsapi/models/models_easyjson.go:50.59,52.3 1 0
github.com/NStegura/metrics/internal/app/metricsapi/models/models_easyjson.go:52.8,54.26 2 0
github.com/NStegura/metrics/internal/app/metricsapi/models/models_easyjson.go:54.26,55.14 1 0
github.com/NStegura/metrics/internal/app/metricsapi/models/models_easyjson.go:55.14,57.5 1 0
github.com/NStegura/metrics/internal/app/metricsapi/models/models_easyjson.go:58.4,58.29 1 0
github.com/NStegura/metrics/internal/app/metricsapi/models/models_easyjson.go:60.3,60.19 1 0
github.com/NStegura/metrics/internal/app/metricsapi/models/models_easyjson.go:65.52,69.2 3 0
github.com/NStegura/metrics/internal/app/metricsapi/models/models_easyjson.go:72.57,74.2 1 0
github.com/NStegura/metrics/internal/app/metricsapi/models/models_easyjson.go:77.56,81.2 3 0
github.com/NStegura/metrics/internal/app/metricsapi/models/models_easyjson.go:84.58,86.2 1 0
github.com/NStegura/metrics/internal/app/metricsapi/models/models_easyjson.go:87.113,89.17 2 1
github.com/NStegura/metrics/internal/app/metricsapi/models/models_easyjson.go:89.17,90.17 1 0
github.com/NStegura/metrics/internal/app/metricsapi/models/models_easyjson.go:90.17,92.4 1 0
github.com/NStegura/metrics/internal/app/metricsapi/models/models_easyjson.go:93.3,94.9 2 0
github.com/NStegura/metrics/internal/app/metricsapi/models/models_easyjson.go:96.2,97.23 2 1
github.com/NStegura/metrics/internal/app/metricsapi/models/models_easyjson.go:97.23,100.18 3 1
github.com/NStegura/metrics/internal/app/metricsapi/models/models_easyjson.go:100.18,103.12 3 0
github.com/NStegura/metrics/internal/app/metricsapi/models/models_easyjson.go:105.3,105.14 1 1
github.com/NStegura/metrics/internal/app/metricsapi/models/models_easyjson.go:106.16,107.19 1 1
github.com/NStegura/metrics/internal/app/metricsapi/models/models_easyjson.go:107.19,110.5 2 0
github.com/NStegura/metrics/internal/app/metricsapi/models/models_easyjson.go:110.10,111.25 1 1
github.com/NStegura/metrics/internal/app/metricsapi/models/models_easyjson.go:111.25,113.6 1 1
github.com/NStegura/metrics/internal/app/metricsapi/models/models_easyjson.go:114.5,114.35 1 1
github.com/NStegura/metrics/internal/app/metricsapi/models/models_easyjson.go:116.16,117.19 1 1
github.com/NStegura/metrics/internal/app/metricsapi/models/models_easyjson.go:117.19,120.5 2 0
github.com/NStegura/metrics/internal/app/metricsapi/models/models_easyjson.go:120.10,121.25 1 1
github.com/NStegura/metrics/internal/app/metricsapi/models/models_easyjson.go:121.25,123.6 1 1
github.com/NStegura/metrics/internal/app/metricsapi/models/models_easyjson.go:124.5,124.39 1 1
github.com/NStegura/metrics/internal/app/metricsapi/models/models_easyjson.go:126.13,127.32 1 1
github.com/NStegura/metrics/internal/app/metricsapi/models/models_easyjson.go:128.15,129.35 1 1
github.com/NStegura/metrics/internal/app/metricsapi/models/models_easyjson.go:130.11,131.22 1 0
github.com/NStegura/metrics/internal/app/metricsapi/models/models_easyjson.go:133.3,133.17 1 1
github.com/NStegura/metrics/internal/app/metricsapi/models/models_easyjson.go:135.2,136.16 2 1
github.com/NStegura/metrics/internal/app/metricsapi/models/models_easyjson.go:136.16,138.3 1 1
github.com/NStegura/metrics/internal/app/metricsapi/models/models_easyjson.go:140.114,144.21 4 0
github.com/NStegura/metrics/internal/app/metricsapi/models/models_easyjson.go:144.21,149.3 4 0
github.com/NStegura/metrics/internal/app/metricsapi/models/models_easyjson.go:150.2,150.21 1 0
github.com/NStegura/metrics/internal/app/metricsapi/models/models_easyjson.go:150.21,152.12 2 0
github.com/NStegura/metrics/internal/app/metricsapi/models/models_easyjson.go:152.12,155.4 2 0
github.com/NStegura/metrics/internal/app/metricsapi/models/models_easyjson.go:155.9,157.4 1 0
github.com/NStegura/metrics/internal/app/metricsapi/models/models_easyjson.go:158.3,158.34 1 0
github.com/NStegura/metrics/internal/app/metricsapi/models/models_easyjson.go:160.2,162.12 2 0
github.com/NStegura/metrics/internal/app/metricsapi/models/models_easyjson.go:162.12,165.4 2 0
github.com/NStegura/metrics/internal/app/metricsapi/models/models_easyjson.go:165.9,167.4 1 0
github.com/NStegura/metrics/internal/app/metricsapi/models/models_easyjson.go:168.3,168.28 1 0
github.com/NStegura/metrics/internal/app/metricsapi/models/models_easyjson.go:170.2,174.3 3 0
github.com/NStegura/metrics/internal/app/metricsapi/models/models_easyjson.go:175.2,175.18 1 0
github.com/NStegura/metrics/internal/app/metricsapi/models/models_easyjson.go:179.48,183.2 3 0
github.com/NStegura/metrics/internal/app/metricsapi/models/models_easyjson.go:186.53,188.2 1 0
github.com/NStegura/metrics/internal/app/metricsapi/models/models_easyjson.go:191.52,195.2 3 0
github.com/NStegura/metrics/internal/app/metricsapi/models/models_easyjson.go:198.54,200.2 1 1
github.com/NStegura/metrics/internal/app/metricsapi/models/models_easyjson.go:201.112,203.17 2 0
github.com/NStegura/metrics/internal/app/metricsapi/models/models_easyjson.go:203.17,204.17 1 0
github.com/NStegura/metrics/internal/app/metricsapi/models/models_easyjson.go:204.17,206.4 1 0
github.com/NStegura/metrics/internal/app/metricsapi/models/models_easyjson.go:207.3,208.9 2 0
github.com/NStegura/metrics/internal/app/metricsapi/models/models_easyjson.go:210.2,211.23 2 0
github.com/NStegura/metrics/internal/app/metricsapi/models/models_easyjson.go:211.23,214.18 3 0
github.com/NStegura/metrics/internal/app/metricsapi/models/models_easyjson.go:214.18,217.12 3 0
github.com/NStegura/metrics/internal/app/metricsapi/models/models_easyjson.go:219.3,219.14 1 0
github.com/NStegura/metrics/internal/app/metricsapi/models/models_easyjson.go:220.15,221.34 1 0
github.com/NStegura/metrics/internal/app/metricsapi/models/models_easyjson.go:222.15,223.34 1 0
github.com/NStegura/metrics/internal/app/metricsapi/models/models_easyjson.go:224.16,225.35 1 0
github.com/NStegura/metrics/internal/app/metricsapi/models/models_easyjson.go:226.11,227.22 1 0
github.com/NStegura/metrics/internal/app/metricsapi/models/models_easyjson.go:229.3,229.17 1 0
github.com/NStegura/metrics/internal/app/metricsapi/models/models_easyjson.go:231.2,232.16 2 0
github.com/NStegura/metrics/internal/app/metricsapi/models/models_easyjson.go:232.16,234.3 1 0
github.com/NStegura/metrics/internal/app/metricsapi/models/models_easyjson.go:236.113,240.2 4 0
github.com/NStegura/metrics/internal/app/metricsapi/models/models_easyjson.go:240.2,244.3 3 0
github.com/NStegura/metrics/internal/app/metricsapi/models/models_easyjson.go:245.2,249.3 3 0
github.com/NStegura/metrics/internal/app/metricsapi/models/models_easyjson.go:250.2,254.3 3 0
github.com/NStegura/metrics/internal/app/metricsapi/models/models_easyjson.go:255.2,255.18 1 0
github.com/NStegura/metrics/internal/app/metricsapi/models/models_easyjson.go:259.47,263.2 3 0
github.com/NStegura/metrics/internal/app/metricsapi/models/models_easyjson.go:266.52,268.2 1 0
github.com/NStegura/metrics/internal/app/metricsapi/models/models_easyjson.go:271.51,275.2 3 0
github.com/NStegura/metrics/internal/app/metricsapi/models/models_easyjson.go:278.53,280.2 1 0
github.com/NStegura/metrics/internal/app/metricsapi/models/models_easyjson.go:281.117,283.17 2 0
github.com/NStegura/metrics/internal/app/metricsapi/models/models_easyjson.go:283.17,284.17 1 0
github.com/NStegura/metrics/internal/app/metricsapi/models/models_easyjson.go:284.17,286.4 1 0
github.com/NStegura/metrics/internal/app/metricsapi/models/models_easyjson.go:287.3,288.9 2 0
github.com/NStegura/metrics/internal/app/metricsapi/models/models_easyjson.go:290.2,291.23 2 0
github.com/NStegura/metrics/internal/app/metricsapi/models/models_easyjson.go:291.23,294.18 3 0
github.com/NStegura/metrics/internal/app/metricsapi/models/models_easyjson.go:294.18,297.12 3 0
github.com/NStegura/metrics/internal/app/metricsapi/models/models_easyjson.go:299.3,299.14 1 0
github.com/NStegura/metrics/internal/app/metricsapi/models/models_easyjson.go:300.15,301.34 1 0
github.com/NStegura/metrics/internal/app/metricsapi/models/models_easyjson.go:302.15,303.34 1 0
github.com/NStegura/metrics/internal/app/metricsapi/models/models_easyjson.go:304.16,305.37 1 0
github.com/NStegura/metrics/internal/app/metricsapi/models/models_easyjson.go:306.11,307.22 1 0
github.com/NStegura/metrics/internal/app/metricsapi/models/models_easyjson.go:309.3,309.17 1 0
github.com/NStegura/metrics/internal/app/metricsapi/models/models_easyjson.go:311.2,312.16 2 0
github.com/NStegura/metrics/internal/app/metricsapi/models/models_easyjson.go:312.16,314.3 1 0
github.com/NStegura/metrics/internal/app/metricsapi/models/models_easyjson.go:316.118,320.2 4 0
github.com/NStegura/metrics/internal/app/metricsapi/models/models_easyjson.go:320.2,324.3 3 0
github.com/NStegura/metrics/internal/app/metricsapi/models/models_easyjson.go:325.2,329.3 3 0
github.com/NStegura/metrics/internal/app/metricsapi/models/models_easyjson.go:330.2,334.3 3 0
github.com/NStegura/metrics/internal/app/metricsapi/models/models_easyjson.go:335.2,335.18 1 0
github.com/NStegura/metrics/internal/app/metricsapi/models/models_easyjson.go:339.52,343.2 3 0
github.com/NStegura/metrics/internal/app/metricsapi/models/models_easyjson.go:346.57,348.2 1 0
github.com/NStegura/metrics/internal/app/metricsapi/models/models_easyjson.go:351.56,355.2 3 0
github.com/NStegura/metrics/internal/app/metricsapi/models/models_easyjson.go:358.58,360.2 1 0
github.com/NStegura/metrics/internal/app/metricsapi/models/models_easyjson.go:361.119,363.17 2 0
github.com/NStegura/metrics/internal/app/metricsapi/models/models_easyjson.go:363.17,364.17 1 0
github.com/NStegura/metrics/internal/app/metricsapi/models/models_easyjson.go:364.17,366.4 1 0
github.com/NStegura/metrics/internal/app/metricsapi/models/models_easyjson.go:367.3,368.9 2 0
github.com/NStegura/metrics/internal/app/metricsapi/models/models_easyjson.go:370.2,371.23 2 0
github.com/NStegura/metrics/internal/app/metricsapi/models/models_easyjson.go:371.23,374.18 3 0
github.com/NStegura/metrics/internal/app/metricsapi/models/models_easyjson.go:374.18,377.12 3 0
github.com/NStegura/metrics/internal/app/metricsapi/models/models_easyjson.go:379.3,379.14 1 0
github.com/NStegura/metrics/internal/app/metricsapi/models/models_easyjson.go:380.15,381.34 1 0
github.com/NStegura/metrics/internal/app/metricsapi/models/models_easyjson.go:382.15,383.34 1 0
github.com/NStegura/metrics/internal/app/metricsapi/models/models_easyjson.go:384.16,385.33 1 0
github.com/NStegura/metrics/internal/app/metricsapi/models/models_easyjson.go:386.11,387.22 1 0
github.com/NStegura/metrics/internal/app/metricsapi/models/models_easyjson.go:389.3,389.17 1 0
github.com/NStegura/metrics/internal/app/metricsapi/models/models_easyjson.go:391.2,392.16 2 0
github.com/NStegura/metrics/internal/app/metricsapi/models/models_easyjson.go:392.16,394.3 1 0
github.com/NStegura/metrics/internal/app/metricsapi/models/models_easyjson.go:396.120,400.2 4 0
github.com/NStegura/metrics/internal/app/metricsapi/models/models_easyjson.go:400.2,404.3 3 0
github.com/NStegura/metrics/internal/app/metricsapi/models/models_easyjson.go:405.2,409.3 3 0
github.com/NStegura/metrics/internal/app/metricsapi/models/models_easyjson.go:410.2,414.3 3 0
github.com/NStegura/metrics/internal/app/metricsapi/models/models_easyjson.go:415.2,415.18 1 0
github.com/NStegura/metrics/internal/app/metricsapi/models/models_easyjson.go:419.54,423.2 3 0
github.com/NStegura/metrics/internal/app/metricsapi/models/models_easyjson.go:426.59,428.2 1 0
github.com/NStegura/metrics/internal/app/metricsapi/models/models_easyjson.go:431.58,435.2 3 0
github.com/NStegura/metrics/internal/app/metricsapi/models/models_easyjson.go:438.60,440.2 1 0
github.com/NStegura/metrics/internal/business/business.go:26.55,28.2 1 1
github.com/NStegura/metrics/internal/business/business.go:31.84,33.16 2 1
github.com/NStegura/metrics/internal/business/business.go:33.16,34.47 1 1
github.com/NStegura/metrics/internal/business/business.go:34.47,36.4 1 1
github.com/NStegura/metrics/internal/business/business.go:37.3,37.62 1 0
github.com/NStegura/metrics/internal/business/business.go:40.2,40.22 1 1
github.com/NStegura/metrics/internal/business/business.go:44.96,46.16 2 1
github.com/NStegura/metrics/internal/business/business.go:46.16,47.47 1 1
github.com/NStegura/metrics/internal/business/business.go:47.47,49.18 2 1
github.com/NStegura/metrics/internal/business/business.go:49.18,51.5 1 0
github.com/NStegura/metrics/internal/business/business.go:52.4,52.14 1 1
github.com/NStegura/metrics/internal/business/business.go:54.3,54.59 1 0
github.com/NStegura/metrics/internal/business/business.go:56.2,57.8 2 0
github.com/NStegura/metrics/internal/business/business.go:61.84,63.16 2 1
github.com/NStegura/metrics/internal/business/business.go:63.16,64.47 1 1
github.com/NStegura/metrics/internal/business/business.go:64.47,66.4 1 1
github.com/NStegura/metrics/internal/business/business.go:67.3,67.64 1 0
github.com/NStegura/metrics/internal/business/business.go:70.2,70.22 1 1
github.com/NStegura/metrics/internal/business/business.go:74.100,76.16 2 1
github.com/NStegura/metrics/internal/business/business.go:76.16,77.47 1 1
github.com/NStegura/metrics/internal/business/business.go:77.47,79.18 2 1
github.com/NStegura/metrics/internal/business/business.go:79.18,81.5 1 0
github.com/NStegura/metrics/internal/business/business.go:82.4,82.14 1 1
github.com/NStegura/metrics/internal/business/business.go:84.3,84.61 1 0
github.com/NStegura/metrics/internal/business/business.go:87.2,89.8 3 0
github.com/NStegura/metrics/internal/business/business.go:93.110,98.16 4 1
github.com/NStegura/metrics/internal/business/business.go:98.16,100.3 1 0
github.com/NStegura/metrics/internal/business/business.go:102.2,102.30 1 1
github.com/NStegura/metrics/internal/business/business.go:102.30,108.3 1 1
github.com/NStegura/metrics/internal/business/business.go:109.2,109.30 1 1
github.com/NStegura/metrics/internal/business/business.go:109.30,115.3 1 1
github.com/NStegura/metrics/internal/business/business.go:116.2,116.27 1 1
github.com/NStegura/metrics/internal/business/business.go:116.27,118.3 1 0
github.com/NStegura/metrics/internal/business/business.go:120.2,120.42 1 1
github.com/NStegura/metrics/internal/business/business.go:124.49,126.16 2 0
github.com/NStegura/metrics/internal/business/business.go:126.16,128.3 1 0
github.com/NStegura/metrics/internal/business/business.go:129.2,129.12 1 0
github.com/NStegura/metrics/internal/business/models/models.go:17.37,17.54 1 0
github.com/NStegura/metrics/internal/business/models/models.go:18.37,18.64 1 0
github.com/NStegura/metrics/internal/business/models/models.go:19.37,19.69 1 0
github.com/NStegura/metrics/internal/customerrors/errors.go:14.39,16.2 1 0
github.com/NStegura/metrics/internal/repo/repository.go:37.23,38.17 1 1
github.com/NStegura/metrics/internal/repo/repository.go:38.17,40.17 2 0
github.com/NStegura/metrics/internal/repo/repository.go:40.17,42.4 1 0
github.com/NStegura/metrics/internal/repo/repository.go:43.3,43.19 1 0
github.com/NStegura/metrics/internal/repo/repository.go:46.2,46.13 1 1
github.com/NStegura/metrics/internal/repo/repository.go:46.13,48.17 2 0
github.com/NStegura/metrics/internal/repo/repository.go:48.17,50.4 1 0
github.com/NStegura/metrics/internal/repo/repository.go:51.3,51.19 1 0
github.com/NStegura/metrics/internal/repo/repository.go:54.2,56.16 3 1
github.com/NStegura/metrics/internal/repo/repository.go:56.16,58.3 1 0
github.com/NStegura/metrics/internal/repo/repository.go:59.2,59.18 1 1
github.com/NStegura/metrics/internal/repo/repository.go:62.91,65.16 3 0
github.com/NStegura/metrics/internal/repo/repository.go:65.16,67.3 1 0
github.com/NStegura/metrics/internal/repo/repository.go:68.2,69.16 2 0
github.com/NStegura/metrics/internal/repo/repository.go:69.16,71.3 1 0
github.com/NStegura/metrics/internal/repo/repository.go:72.2,72.18 1 0
github.com/NStegura/metrics/internal/repo/repository.go:80.23,83.16 3 0
github.com/NStegura/metrics/internal/repo/repository.go:83.16,85.3 1 0
github.com/NStegura/metrics/internal/repo/repository.go:86.2,87.16 2 0
github.com/NStegura/metrics/internal/repo/repository.go:87.16,89.3 1 0
github.com/NStegura/metrics/internal/repo/repository.go:90.2,90.18 1 0
github.com/NStegura/metrics/internal/repo/internal/db/db.go:26.79,28.16 2 0
github.com/NStegura/metrics/internal/repo/internal/db/db.go:28.16,30.3 1 0
github.com/NStegura/metrics/internal/repo/internal/db/db.go:31.2,34.8 1 0
github.com/NStegura/metrics/internal/repo/internal/db/db.go:41.37,44.72 2 0
github.com/NStegura/metrics/internal/repo/internal/db/db.go:44.72,46.3 1 0
github.com/NStegura/metrics/internal/repo/internal/db/db.go:48.2,49.59 2 0
github.com/NStegura/metrics/internal/repo/internal/db/db.go:49.59,51.3 1 0
github.com/NStegura/metrics/internal/repo/internal/db/db.go:52.2,52.12 1 0
github.com/NStegura/metrics/internal/repo/internal/db/db.go:56.43,59.2 2 0
github.com/NStegura/metrics/internal/repo/internal/db/db.go:62.47,65.16 3 0
github.com/NStegura/metrics/internal/repo/internal/db/db.go:65.16,67.3 1 0
github.com/NStegura/metrics/internal/repo/internal/db/db.go:68.2,68.12 1 0
github.com/NStegura/metrics/internal/repo/internal/db/db.go:72.103,86.16 4 0
github.com/NStegura/metrics/internal/repo/internal/db/db.go:86.16,87.36 1 0
github.com/NStegura/metrics/internal/repo/internal/db/db.go:87.36,90.4 2 0
github.com/NStegura/metrics/internal/repo/internal/db/db.go:91.3,91.62 1 0
github.com/NStegura/metrics/internal/repo/internal/db/db.go:94.2,94.16 1 0
github.com/NStegura/metrics/internal/repo/internal/db/db.go:98.102,102.16 3 0
github.com/NStegura/metrics/internal/repo/internal/db/db.go:102.16,104.3 1 0
github.com/NStegura/metrics/internal/repo/internal/db/db.go:106.2,118.16 4 0
github.com/NStegura/metrics/internal/repo/internal/db/db.go:118.16,120.3 1 0
github.com/NStegura/metrics/internal/repo/internal/db/db.go:121.2,126.16 4 0
github.com/NStegura/metrics/internal/repo/internal/db/db.go:126.16,128.3 1 0
github.com/NStegura/metrics/internal/repo/internal/db/db.go:129.2,129.12 1 0
github.com/NStegura/metrics/internal/repo/internal/db/db.go:133.88,137.16 3 0
github.com/NStegura/metrics/internal/repo/internal/db/db.go:137.16,139.3 1 0
github.com/NStegura/metrics/internal/repo/internal/db/db.go:141.2,152.16 3 0
github.com/NStegura/metrics/internal/repo/internal/db/db.go:152.16,154.3 1 0
github.com/NStegura/metrics/internal/repo/internal/db/db.go:155.2,155.29 1 0
github.com/NStegura/metrics/internal/repo/internal/db/db.go:155.29,158.3 2 0
github.com/NStegura/metrics/internal/repo/internal/db/db.go:160.2,162.16 3 0
github.com/NStegura/metrics/internal/repo/internal/db/db.go:162.16,164.3 1 0
github.com/NStegura/metrics/internal/repo/internal/db/db.go:165.2,165.12 1 0
github.com/NStegura/metrics/internal/repo/internal/db/db.go:169.99,183.16 4 0
github.com/NStegura/metrics/internal/repo/internal/db/db.go:183.16,184.36 1 0
github.com/NStegura/metrics/internal/repo/internal/db/db.go:184.36,188.4 3 0
github.com/NStegura/metrics/internal/repo/internal/db/db.go:189.3,190.60 2 0
github.com/NStegura/metrics/internal/repo/internal/db/db.go:192.2,192.16 1 0
github.com/NStegura/metrics/internal/repo/internal/db/db.go:196.102,200.16 3 0
github.com/NStegura/metrics/internal/repo/internal/db/db.go:200.16,202.3 1 0
github.com/NStegura/metrics/internal/repo/internal/db/db.go:204.2,217.16 4 0
github.com/NStegura/metrics/internal/repo/internal/db/db.go:217.16,219.3 1 0
github.com/NStegura/metrics/internal/repo/internal/db/db.go:220.2,224.16 4 0
github.com/NStegura/metrics/internal/repo/internal/db/db.go:224.16,226.3 1 0
github.com/NStegura/metrics/internal/repo/internal/db/db.go:227.2,227.12 1 0
github.com/NStegura/metrics/internal/repo/internal/db/db.go:231.88,235.16 3 0
github.com/NStegura/metrics/internal/repo/internal/db/db.go:235.16,237.3 1 0
github.com/NStegura/metrics/internal/repo/internal/db/db.go:239.2,250.16 3 0
github.com/NStegura/metrics/internal/repo/internal/db/db.go:250.16,252.3 1 0
github.com/NStegura/metrics/internal/repo/internal/db/db.go:253.2,253.29 1 0
github.com/NStegura/metrics/internal/repo/internal/db/db.go:253.29,256.3 2 0
github.com/NStegura/metrics/internal/repo/internal/db/db.go:257.2,259.16 3 0
github.com/NStegura/metrics/internal/repo/internal/db/db.go:259.16,261.3 1 0
github.com/NStegura/metrics/internal/repo/internal/db/db.go:262.2,262.12 1 0
github.com/NStegura/metrics/internal/repo/internal/db/db.go:266.116,284.16 6 0
github.com/NStegura/metrics/internal/repo/internal/db/db.go:284.16,287.3 2 0
github.com/NStegura/metrics/internal/repo/internal/db/db.go:289.2,291.18 2 0
github.com/NStegura/metrics/internal/repo/internal/db/db.go:291.18,299.36 4 0
github.com/NStegura/metrics/internal/repo/internal/db/db.go:299.36,302.4 2 0
github.com/NStegura/metrics/internal/repo/internal/db/db.go:305.2,305.31 1 0
github.com/NStegura/metrics/internal/repo/internal/db/db.go:305.31,306.17 1 0
github.com/NStegura/metrics/internal/repo/internal/db/db.go:307.16,308.85 1 0
github.com/NStegura/metrics/internal/repo/internal/db/db.go:309.18,310.94 1 0
github.com/NStegura/metrics/internal/repo/internal/db/db.go:313.2,313.8 1 0
github.com/NStegura/metrics/internal/repo/internal/db/db.go:316.113,318.22 2 0
github.com/NStegura/metrics/internal/repo/internal/db/db.go:319.13,320.61 1 0
github.com/NStegura/metrics/internal/repo/internal/db/db.go:321.15,322.63 1 0
github.com/NStegura/metrics/internal/repo/internal/db/db.go:323.10,325.9 2 0
github.com/NStegura/metrics/internal/repo/internal/db/db.go:328.2,341.16 4 0
github.com/NStegura/metrics/internal/repo/internal/db/db.go:341.16,343.3 1 0
github.com/NStegura/metrics/internal/repo/internal/db/db.go:344.2,344.53 1 0
github.com/NStegura/metrics/internal/repo/internal/mem/backuprepo.go:34.24,45.2 1 0
github.com/NStegura/metrics/internal/repo/internal/mem/backuprepo.go:48.109,50.16 2 0
github.com/NStegura/metrics/internal/repo/internal/mem/backuprepo.go:50.16,52.3 1 0
github.com/NStegura/metrics/internal/repo/internal/mem/backuprepo.go:53.2,53.21 1 0
github.com/NStegura/metrics/internal/repo/internal/mem/backuprepo.go:53.21,55.17 2 0
github.com/NStegura/metrics/internal/repo/internal/mem/backuprepo.go:55.17,57.4 1 0
github.com/NStegura/metrics/internal/repo/internal/mem/backuprepo.go:59.2,59.12 1 0
github.com/NStegura/metrics/internal/repo/internal/mem/backuprepo.go:63.95,65.16 2 0
github.com/NStegura/metrics/internal/repo/internal/mem/backuprepo.go:65.16,67.3 1 0
github.com/NStegura/metrics/internal/repo/internal/mem/backuprepo.go:68.2,68.21 1 0
github.com/NStegura/metrics/internal/repo/internal/mem/backuprepo.go:68.21,70.17 2 0
github.com/NStegura/metrics/internal/repo/internal/mem/backuprepo.go:70.17,72.4 1 0
github.com/NStegura/metrics/internal/repo/internal/mem/backuprepo.go:74.2,74.12 1 0
github.com/NStegura/metrics/internal/repo/internal/mem/backuprepo.go:78.109,80.16 2 0
github.com/NStegura/metrics/internal/repo/internal/mem/backuprepo.go:80.16,82.3 1 0
github.com/NStegura/metrics/internal/repo/internal/mem/backuprepo.go:83.2,83.21 1 0
github.com/NStegura/metrics/internal/repo/internal/mem/backuprepo.go:83.21,85.17 2 0
github.com/NStegura/metrics/internal/repo/internal/mem/backuprepo.go:85.17,87.4 1 0
github.com/NStegura/metrics/internal/repo/internal/mem/backuprepo.go:89.2,89.12 1 0
github.com/NStegura/metrics/internal/repo/internal/mem/backuprepo.go:93.95,95.16 2 0
github.com/NStegura/metrics/internal/repo/internal/mem/backuprepo.go:95.16,97.3 1 0
github.com/NStegura/metrics/internal/repo/internal/mem/backuprepo.go:98.2,98.21 1 0
github.com/NStegura/metrics/internal/repo/internal/mem/backuprepo.go:98.21,100.17 2 0
github.com/NStegura/metrics/internal/repo/internal/mem/backuprepo.go:100.17,102.4 1 0
github.com/NStegura/metrics/internal/repo/internal/mem/backuprepo.go:104.2,104.12 1 0
github.com/NStegura/metrics/internal/repo/internal/mem/backuprepo.go:108.66,112.16 3 0
github.com/NStegura/metrics/internal/repo/internal/mem/backuprepo.go:112.16,114.3 1 0
github.com/NStegura/metrics/internal/repo/internal/mem/backuprepo.go:115.2,117.12 2 0
github.com/NStegura/metrics/internal/repo/internal/mem/backuprepo.go:117.12,119.17 2 0
github.com/NStegura/metrics/internal/repo/internal/mem/backuprepo.go:119.17,121.4 1 0
github.com/NStegura/metrics/internal/repo/internal/mem/backuprepo.go:123.2,123.12 1 0
github.com/NStegura/metrics/internal/repo/internal/mem/backuprepo.go:127.50,130.16 3 0
github.com/NStegura/metrics/internal/repo/internal/mem/backuprepo.go:130.16,132.3 1 0
github.com/NStegura/metrics/internal/repo/internal/mem/backuprepo.go:135.42,136.26 1 0
github.com/NStegura/metrics/internal/repo/internal/mem/backuprepo.go:136.26,139.3 2 0
github.com/NStegura/metrics/internal/repo/internal/mem/backuprepo.go:140.2,140.6 1 0
github.com/NStegura/metrics/internal/repo/internal/mem/backuprepo.go:140.6,143.17 3 0
github.com/NStegura/metrics/internal/repo/internal/mem/backuprepo.go:143.17,145.4 1 0
github.com/NStegura/metrics/internal/repo/internal/mem/backuprepo.go:149.41,150.29 1 0
github.com/NStegura/metrics/internal/repo/internal/mem/backuprepo.go:150.29,153.3 2 0
github.com/NStegura/metrics/internal/repo/internal/mem/backuprepo.go:155.2,156.16 2 0
github.com/NStegura/metrics/internal/repo/internal/mem/backuprepo.go:156.16,158.3 1 0
github.com/NStegura/metrics/internal/repo/internal/mem/backuprepo.go:160.2,165.51 4 0
github.com/NStegura/metrics/internal/repo/internal/mem/backuprepo.go:165.51,168.17 3 0
github.com/NStegura/metrics/internal/repo/internal/mem/backuprepo.go:168.17,170.4 1 0
github.com/NStegura/metrics/internal/repo/internal/mem/backuprepo.go:173.2,174.16 2 0
github.com/NStegura/metrics/internal/repo/internal/mem/backuprepo.go:174.16,176.3 1 0
github.com/NStegura/metrics/internal/repo/internal/mem/backuprepo.go:177.2,177.15 1 0
github.com/NStegura/metrics/internal/repo/internal/mem/backuprepo.go:177.15,179.3 1 0
github.com/NStegura/metrics/internal/repo/internal/mem/backuprepo.go:180.2,181.16 2 0
github.com/NStegura/metrics/internal/repo/internal/mem/backuprepo.go:181.16,183.3 1 0
github.com/NStegura/metrics/internal/repo/internal/mem/backuprepo.go:184.2,184.44 1 0
github.com/NStegura/metrics/internal/repo/internal/mem/backuprepo.go:184.44,186.3 1 0
github.com/NStegura/metrics/internal/repo/internal/mem/backuprepo.go:187.2,187.12 1 0
github.com/NStegura/metrics/internal/repo/internal/mem/backuprepo.go:190.74,198.16 4 0
github.com/NStegura/metrics/internal/repo/internal/mem/backuprepo.go:198.16,200.3 1 0
github.com/NStegura/metrics/internal/repo/internal/mem/backuprepo.go:201.2,203.16 3 0
github.com/NStegura/metrics/internal/repo/internal/mem/backuprepo.go:203.16,205.3 1 0
github.com/NStegura/metrics/internal/repo/internal/mem/backuprepo.go:206.2,206.55 1 0
github.com/NStegura/metrics/internal/repo/internal/mem/backuprepo.go:206.55,208.3 1 0
github.com/NStegura/metrics/internal/repo/internal/mem/backuprepo.go:210.2,210.21 1 0
github.com/NStegura/metrics/internal/repo/internal/mem/custom_errors.go:9.37,11.2 1 0
github.com/NStegura/metrics/internal/repo/internal/mem/memrepo.go:29.68,35.2 1 1
github.com/NStegura/metrics/internal/repo/internal/mem/memrepo.go:38.110,40.9 2 1
github.com/NStegura/metrics/internal/repo/internal/mem/memrepo.go:40.9,43.3 2 1
github.com/NStegura/metrics/internal/repo/internal/mem/memrepo.go:44.2,44.21 1 1
github.com/NStegura/metrics/internal/repo/internal/mem/memrepo.go:48.109,51.2 2 1
github.com/NStegura/metrics/internal/repo/internal/mem/memrepo.go:54.95,56.9 2 0
github.com/NStegura/metrics/internal/repo/internal/mem/memrepo.go:56.9,58.3 1 0
github.com/NStegura/metrics/internal/repo/internal/mem/memrepo.go:59.2,60.12 2 0
github.com/NStegura/metrics/internal/repo/internal/mem/memrepo.go:64.106,66.9 2 1
github.com/NStegura/metrics/internal/repo/internal/mem/memrepo.go:66.9,69.3 2 1
github.com/NStegura/metrics/internal/repo/internal/mem/memrepo.go:70.2,70.21 1 1
github.com/NStegura/metrics/internal/repo/internal/mem/memrepo.go:74.109,77.2 2 1
github.com/NStegura/metrics/internal/repo/internal/mem/memrepo.go:80.95,82.9 2 0
github.com/NStegura/metrics/internal/repo/internal/mem/memrepo.go:82.9,84.3 1 0
github.com/NStegura/metrics/internal/repo/internal/mem/memrepo.go:85.2,86.12 2 0
github.com/NStegura/metrics/internal/repo/internal/mem/memrepo.go:90.111,93.43 3 1
github.com/NStegura/metrics/internal/repo/internal/mem/memrepo.go:93.43,95.3 1 1
github.com/NStegura/metrics/internal/repo/internal/mem/memrepo.go:96.2,96.45 1 1
github.com/NStegura/metrics/internal/repo/internal/mem/memrepo.go:96.45,98.3 1 1
github.com/NStegura/metrics/internal/repo/internal/mem/memrepo.go:99.2,99.42 1 1
github.com/NStegura/metrics/internal/repo/internal/mem/memrepo.go:102.52,104.2 1 0
github.com/NStegura/metrics/internal/repo/internal/mem/memrepo.go:106.54,109.2 2 0
github.com/NStegura/metrics/internal/app/metricsapi/config.go:25.26,35.2 1 1
github.com/NStegura/metrics/internal/app/metricsapi/config.go:38.43,54.51 9 0
github.com/NStegura/metrics/internal/app/metricsapi/config.go:54.51,56.3 1 0
github.com/NStegura/metrics/internal/app/metricsapi/config.go:58.2,58.54 1 0
github.com/NStegura/metrics/internal/app/metricsapi/config.go:58.54,60.3 1 0
github.com/NStegura/metrics/internal/app/metricsapi/config.go:62.2,62.54 1 0
github.com/NStegura/metrics/internal/app/metricsapi/config.go:62.54,64.3 1 0
github.com/NStegura/metrics/internal/app/metricsapi/config.go:66.2,66.51 1 0
github.com/NStegura/metrics/internal/app/metricsapi/config.go:66.51,68.3 1 0
github.com/NStegura/metrics/internal/app/metricsapi/config.go:70.2,70.55 1 0
github.com/NStegura/metrics/internal/app/metricsapi/config.go:70.55,72.17 2 0
github.com/NStegura/metrics/internal/app/metricsapi/config.go:72.17,74.4 1 0
github.com/NStegura/metrics/internal/app/metricsapi/config.go:76.2,76.40 1 0
github.com/NStegura/metrics/internal/app/metricsapi/config.go:76.40,78.3 1 0
github.com/NStegura/metrics/internal/app/metricsapi/config.go:80.2,80.50 1 0
github.com/NStegura/metrics/internal/app/metricsapi/config.go:80.50,81.20 1 0
github.com/NStegura/metrics/internal/app/metricsapi/config.go:82.15,83.20 1 0
github.com/NStegura/metrics/internal/app/metricsapi/config.go:84.16,85.21 1 0
github.com/NStegura/metrics/internal/app/metricsapi/config.go:86.11,87.20 1 0
github.com/NStegura/metrics/internal/app/metricsapi/config.go:91.2,92.8 2 0
github.com/NStegura/metrics/internal/app/metricsapi/gzip_middleware.go:17.55,19.16 2 1
github.com/NStegura/metrics/internal/app/metricsapi/gzip_middleware.go:19.16,21.3 1 0
github.com/NStegura/metrics/internal/app/metricsapi/gzip_middleware.go:22.2,22.19 1 1
github.com/NStegura/metrics/internal/app/metricsapi/gzip_middleware.go:25.54,26.45 1 1
github.com/NStegura/metrics/internal/app/metricsapi/gzip_middleware.go:26.45,28.3 1 1
github.com/NStegura/metrics/internal/app/metricsapi/gzip_middleware.go:29.2,29.42 1 1
github.com/NStegura/metrics/internal/app/metricsapi/gzip_middleware.go:32.40,33.37 1 1
github.com/NStegura/metrics/internal/app/metricsapi/gzip_middleware.go:33.37,35.3 1 0
github.com/NStegura/metrics/internal/app/metricsapi/gzip_middleware.go:36.2,36.12 1 1
github.com/NStegura/metrics/internal/app/metricsapi/gzip_middleware.go:44.66,46.16 2 0
github.com/NStegura/metrics/internal/app/metricsapi/gzip_middleware.go:46.16,48.3 1 0
github.com/NStegura/metrics/internal/app/metricsapi/gzip_middleware.go:50.2,53.8 1 0
github.com/NStegura/metrics/internal/app/metricsapi/gzip_middleware.go:56.59,58.16 2 0
github.com/NStegura/metrics/internal/app/metricsapi/gzip_middleware.go:58.16,59.29 1 0
github.com/NStegura/metrics/internal/app/metricsapi/gzip_middleware.go:59.29,61.4 1 0
github.com/NStegura/metrics/internal/app/metricsapi/gzip_middleware.go:62.3,62.49 1 0
github.com/NStegura/metrics/internal/app/metricsapi/gzip_middleware.go:64.2,64.19 1 0
github.com/NStegura/metrics/internal/app/metricsapi/gzip_middleware.go:67.40,68.37 1 0
github.com/NStegura/metrics/internal/app/metricsapi/gzip_middleware.go:68.37,70.3 1 0
github.com/NStegura/metrics/internal/app/metricsapi/gzip_middleware.go:71.2,71.12 1 0
github.com/NStegura/metrics/internal/app/metricsapi/gzip_middleware.go:74.65,75.71 1 1
github.com/NStegura/metrics/internal/app/metricsapi/gzip_middleware.go:75.71,80.19 4 1
github.com/NStegura/metrics/internal/app/metricsapi/gzip_middleware.go:80.19,83.17 3 1
github.com/NStegura/metrics/internal/app/metricsapi/gzip_middleware.go:83.17,84.38 1 1
github.com/NStegura/metrics/internal/app/metricsapi/gzip_middleware.go:84.38,86.6 1 0
github.com/NStegura/metrics/internal/app/metricsapi/gzip_middleware.go:90.3,92.16 3 1
github.com/NStegura/metrics/internal/app/metricsapi/gzip_middleware.go:92.16,94.18 2 0
github.com/NStegura/metrics/internal/app/metricsapi/gzip_middleware.go:94.18,98.5 3 0
github.com/NStegura/metrics/internal/app/metricsapi/gzip_middleware.go:99.4,100.17 2 0
github.com/NStegura/metrics/internal/app/metricsapi/gzip_middleware.go:100.17,101.38 1 0
github.com/NStegura/metrics/internal/app/metricsapi/gzip_middleware.go:101.38,103.6 1 0
github.com/NStegura/metrics/internal/app/metricsapi/gzip_middleware.go:106.3,106.21 1 1
github.com/NStegura/metrics/internal/app/metricsapi/hash_validation_middleware.go:12.65,13.71 1 1
github.com/NStegura/metrics/internal/app/metricsapi/hash_validation_middleware.go:13.71,14.68 1 1
github.com/NStegura/metrics/internal/app/metricsapi/hash_validation_middleware.go:14.68,17.18 3 0
github.com/NStegura/metrics/internal/app/metricsapi/hash_validation_middleware.go:17.18,21.5 3 0
github.com/NStegura/metrics/internal/app/metricsapi/hash_validation_middleware.go:23.4,24.18 2 0
github.com/NStegura/metrics/internal/app/metricsapi/hash_validation_middleware.go:24.18,28.5 3 0
github.com/NStegura/metrics/internal/app/metricsapi/hash_validation_middleware.go:29.4,34.18 5 0
github.com/NStegura/metrics/internal/app/metricsapi/hash_validation_middleware.go:34.18,38.5 3 0
github.com/NStegura/metrics/internal/app/metricsapi/hash_validation_middleware.go:39.4,39.42 1 0
github.com/NStegura/metrics/internal/app/metricsapi/hash_validation_middleware.go:39.42,42.5 2 0
github.com/NStegura/metrics/internal/app/metricsapi/hash_validation_middleware.go:44.3,44.20 1 1
github.com/NStegura/metrics/internal/app/metricsapi/log_middleware.go:21.62,23.16 2 1
github.com/NStegura/metrics/internal/app/metricsapi/log_middleware.go:23.16,25.3 1 0
github.com/NStegura/metrics/internal/app/metricsapi/log_middleware.go:26.2,27.18 2 1
github.com/NStegura/metrics/internal/app/metricsapi/log_middleware.go:30.61,33.2 2 1
github.com/NStegura/metrics/internal/app/metricsapi/log_middleware.go:35.64,36.71 1 1
github.com/NStegura/metrics/internal/app/metricsapi/log_middleware.go:36.71,56.3 6 1
github.com/NStegura/metrics/internal/app/metricsapi/server.go:48.69,55.2 1 1
github.com/NStegura/metrics/internal/app/metricsapi/server.go:58.35,62.73 3 1
github.com/NStegura/metrics/internal/app/metricsapi/server.go:62.73,64.3 1 0
github.com/NStegura/metrics/internal/app/metricsapi/server.go:65.2,65.12 1 0
github.com/NStegura/metrics/internal/app/metricsapi/server.go:68.36,76.46 6 1
github.com/NStegura/metrics/internal/app/metricsapi/server.go:76.46,78.40 2 1
github.com/NStegura/metrics/internal/app/metricsapi/server.go:78.40,80.4 1 1
github.com/NStegura/metrics/internal/app/metricsapi/server.go:81.3,81.42 1 1
github.com/NStegura/metrics/internal/app/metricsapi/server.go:81.42,83.4 1 1
github.com/NStegura/metrics/internal/app/metricsapi/server.go:86.2,86.47 1 1
github.com/NStegura/metrics/internal/app/metricsapi/server.go:86.47,88.84 2 1
github.com/NStegura/metrics/internal/app/metricsapi/server.go:88.84,90.4 1 0
github.com/NStegura/metrics/internal/app/metricsapi/server.go:91.3,91.40 1 1
github.com/NStegura/metrics/internal/app/metricsapi/server.go:91.40,93.4 1 1
github.com/NStegura/metrics/internal/app/metricsapi/server.go:94.3,94.42 1 1
github.com/NStegura/metrics/internal/app/metricsapi/server.go:94.42,96.4 1 1
github.com/NStegura/metrics/internal/app/metricsapi/server.go:99.2,99.33 1 1
github.com/NStegura/metrics/internal/app/metricsapi/server.go:102.54,103.54 1 1
github.com/NStegura/metrics/internal/app/metricsapi/server.go:103.54,108.17 4 0
github.com/NStegura/metrics/internal/app/metricsapi/server.go:108.17,109.48 1 0
github.com/NStegura/metrics/internal/app/metricsapi/server.go:109.48,112.5 2 0
github.com/NStegura/metrics/internal/app/metricsapi/server.go:113.4,114.10 2 0
github.com/NStegura/metrics/internal/app/metricsapi/server.go:117.3,119.25 2 0
github.com/NStegura/metrics/internal/app/metricsapi/server.go:119.25,121.4 1 0
github.com/NStegura/metrics/internal/app/metricsapi/server.go:122.3,122.25 1 0
github.com/NStegura/metrics/internal/app/metricsapi/server.go:122.25,124.4 1 0
github.com/NStegura/metrics/internal/app/metricsapi/server.go:125.3,127.57 3 0
github.com/NStegura/metrics/internal/app/metricsapi/server.go:127.57,129.4 1 0
github.com/NStegura/metrics/internal/app/metricsapi/server.go:133.57,134.54 1 1
github.com/NStegura/metrics/internal/app/metricsapi/server.go:134.54,140.72 4 0
github.com/NStegura/metrics/internal/app/metricsapi/server.go:140.72,143.4 2 0
github.com/NStegura/metrics/internal/app/metricsapi/server.go:144.3,144.34 1 0
github.com/NStegura/metrics/internal/app/metricsapi/server.go:144.34,145.24 1 0
github.com/NStegura/metrics/internal/app/metricsapi/server.go:146.23,147.28 1 0
github.com/NStegura/metrics/internal/app/metricsapi/server.go:147.28,150.6 2 0
github.com/NStegura/metrics/internal/app/metricsapi/server.go:151.5,156.19 2 0
github.com/NStegura/metrics/internal/app/metricsapi/server.go:156.19,159.6 2 0
github.com/NStegura/metrics/internal/app/metricsapi/server.go:160.25,161.28 1 0
github.com/NStegura/metrics/internal/app/metricsapi/server.go:161.28,164.6 2 0
github.com/NStegura/metrics/internal/app/metricsapi/server.go:165.5,170.19 2 0
github.com/NStegura/metrics/internal/app/metricsapi/server.go:170.19,173.6 2 0
github.com/NStegura/metrics/internal/app/metricsapi/server.go:174.12,176.11 2 0
github.com/NStegura/metrics/internal/app/metricsapi/server.go:179.3,179.31 1 0
github.com/NStegura/metrics/internal/app/metricsapi/server.go:183.57,184.54 1 1
github.com/NStegura/metrics/internal/app/metricsapi/server.go:184.54,189.15 4 0
github.com/NStegura/metrics/internal/app/metricsapi/server.go:189.15,192.4 2 0
github.com/NStegura/metrics/internal/app/metricsapi/server.go:193.3,194.17 2 0
github.com/NStegura/metrics/internal/app/metricsapi/server.go:194.17,195.48 1 0
github.com/NStegura/metrics/internal/app/metricsapi/server.go:195.48,198.5 2 0
github.com/NStegura/metrics/internal/app/metricsapi/server.go:199.4,200.10 2 0
github.com/NStegura/metrics/internal/app/metricsapi/server.go:202.3,204.75 3 0
github.com/NStegura/metrics/internal/app/metricsapi/server.go:204.75,206.4 1 0
github.com/NStegura/metrics/internal/app/metricsapi/server.go:210.60,211.54 1 1
github.com/NStegura/metrics/internal/app/metricsapi/server.go:211.54,220.67 6 0
github.com/NStegura/metrics/internal/app/metricsapi/server.go:220.67,223.4 2 0
github.com/NStegura/metrics/internal/app/metricsapi/server.go:225.3,226.17 2 0
github.com/NStegura/metrics/internal/app/metricsapi/server.go:226.17,229.4 2 0
github.com/NStegura/metrics/internal/app/metricsapi/server.go:230.3,231.17 2 0
github.com/NStegura/metrics/internal/app/metricsapi/server.go:231.17,234.4 2 0
github.com/NStegura/metrics/internal/app/metricsapi/server.go:235.3,235.31 1 0
github.com/NStegura/metrics/internal/app/metricsapi/server.go:239.55,240.54 1 1
github.com/NStegura/metrics/internal/app/metricsapi/server.go:240.54,245.15 4 1
github.com/NStegura/metrics/internal/app/metricsapi/server.go:245.15,248.4 2 0
github.com/NStegura/metrics/internal/app/metricsapi/server.go:249.3,250.17 2 1
github.com/NStegura/metrics/internal/app/metricsapi/server.go:250.17,251.48 1 0
github.com/NStegura/metrics/internal/app/metricsapi/server.go:251.48,254.5 2 0
github.com/NStegura/metrics/internal/app/metricsapi/server.go:255.4,256.10 2 0
github.com/NStegura/metrics/internal/app/metricsapi/server.go:258.3,260.71 3 1
github.com/NStegura/metrics/internal/app/metricsapi/server.go:260.71,262.4 1 0
github.com/NStegura/metrics/internal/app/metricsapi/server.go:266.58,267.54 1 1
github.com/NStegura/metrics/internal/app/metricsapi/server.go:267.54,276.67 6 1
github.com/NStegura/metrics/internal/app/metricsapi/server.go:276.67,279.4 2 0
github.com/NStegura/metrics/internal/app/metricsapi/server.go:281.3,282.17 2 1
github.com/NStegura/metrics/internal/app/metricsapi/server.go:282.17,285.4 2 0
github.com/NStegura/metrics/internal/app/metricsapi/server.go:286.3,287.17 2 1
github.com/NStegura/metrics/internal/app/metricsapi/server.go:287.17,290.4 2 0
github.com/NStegura/metrics/internal/app/metricsapi/server.go:291.3,291.31 1 1
github.com/NStegura/metrics/internal/app/metricsapi/server.go:295.53,296.54 1 1
github.com/NStegura/metrics/internal/app/metricsapi/server.go:296.54,302.71 4 0
github.com/NStegura/metrics/internal/app/metricsapi/server.go:302.71,305.4 2 0
github.com/NStegura/metrics/internal/app/metricsapi/server.go:307.3,307.23 1 0
github.com/NStegura/metrics/internal/app/metricsapi/server.go:308.22,309.27 1 0
github.com/NStegura/metrics/internal/app/metricsapi/server.go:309.27,312.5 2 0
github.com/NStegura/metrics/internal/app/metricsapi/server.go:313.4,318.18 2 0
github.com/NStegura/metrics/internal/app/metricsapi/server.go:318.18,321.5 2 0
github.com/NStegura/metrics/internal/app/metricsapi/server.go:322.24,323.27 1 0
github.com/NStegura/metrics/internal/app/metricsapi/server.go:323.27,326.5 2 0
github.com/NStegura/metrics/internal/app/metricsapi/server.go:327.4,332.18 2 0
github.com/NStegura/metrics/internal/app/metricsapi/server.go:332.18,335.5 2 0
github.com/NStegura/metrics/internal/app/metricsapi/server.go:336.11,338.10 2 0
github.com/NStegura/metrics/internal/app/metricsapi/server.go:340.3,340.31 1 0
github.com/NStegura/metrics/internal/app/metricsapi/server.go:344.50,345.54 1 1
github.com/NStegura/metrics/internal/app/metricsapi/server.go:345.54,351.71 4 0
github.com/NStegura/metrics/internal/app/metricsapi/server.go:351.71,354.4 2 0
github.com/NStegura/metrics/internal/app/metricsapi/server.go:356.3,356.23 1 0
github.com/NStegura/metrics/internal/app/metricsapi/server.go:357.22,359.18 2 0
github.com/NStegura/metrics/internal/app/metricsapi/server.go:359.18,360.49 1 0
github.com/NStegura/metrics/internal/app/metricsapi/server.go:360.49,363.6 2 0
github.com/NStegura/metrics/internal/app/metricsapi/server.go:364.5,365.11 2 0
github.com/NStegura/metrics/internal/app/metricsapi/server.go:367.4,368.30 2 0
github.com/NStegura/metrics/internal/app/metricsapi/server.go:369.24,371.18 2 0
github.com/NStegura/metrics/internal/app/metricsapi/server.go:371.18,372.49 1 0
github.com/NStegura/metrics/internal/app/metricsapi/server.go:372.49,375.6 2 0
github.com/NStegura/metrics/internal/app/metricsapi/server.go:376.5,377.11 2 0
github.com/NStegura/metrics/internal/app/metricsapi/server.go:379.4,380.30 2 0
github.com/NStegura/metrics/internal/app/metricsapi/server.go:381.11,383.10 2 0
github.com/NStegura/metrics/internal/app/metricsapi/server.go:388.45,389.54 1 1
github.com/NStegura/metrics/internal/app/metricsapi/server.go:389.54,393.41 3 0
github.com/NStegura/metrics/internal/app/metricsapi/server.go:393.41,397.4 3 0
github.com/NStegura/metrics/internal/app/metricsapi/server.go:399.3,399.31 1 0
github.com/NStegura/metrics/internal/app/metricsapi/server.go:403.83,407.16 3 0
github.com/NStegura/metrics/internal/app/metricsapi/server.go:407.16,410.3 2 0
github.com/NStegura/metrics/internal/app/metricsapi/server.go:411.2,412.45 2 0
github.com/NStegura/metrics/internal/app/metricsapi/server.go:412.45,414.3 1 0
github.com/NStegura/metrics/internal/app/metricsapi/server.go:417.107,418.17 1 1
github.com/NStegura/metrics/internal/app/metricsapi/server.go:418.17,421.3 2 0
github.com/NStegura/metrics/internal/app/metricsapi/server.go:423.2,427.8 1 1
github.com/NStegura/metrics/internal/app/metricsapi/models/models.go:36.49,38.16 2 1
github.com/NStegura/metrics/internal/app/metricsapi/models/models.go:38.16,40.3 1 0
github.com/NStegura/metrics/internal/app/metricsapi/models/models.go:41.2,41.48 1 1
github.com/NStegura/metrics/internal/app/metricsapi/models/models.go:44.53,46.16 2 0
github.com/NStegura/metrics/internal/app/metricsapi/models/models.go:46.16,48.3 1 0
github.com/NStegura/metrics/internal/app/metricsapi/models/models.go:49.2,49.50 1 0
github.com/NStegura/metrics/internal/app/metricsapi/models/models_easyjson.go:21.116,23.17 2 0
github.com/NStegura/metrics/internal/app/metricsapi/models/models_easyjson.go:23.17,26.3 2 0
github.com/NStegura/metrics/internal/app/metricsapi/models/models_easyjson.go:26.8,28.18 2 0
github.com/NStegura/metrics/internal/app/metricsapi/models/models_easyjson.go:28.18,29.24 1 0
github.com/NStegura/metrics/internal/app/metricsapi/models/models_easyjson.go:29.24,31.5 1 0
github.com/NStegura/metrics/internal/app/metricsapi/models/models_easyjson.go:31.10,33.5 1 0
github.com/NStegura/metrics/internal/app/metricsapi/models/models_easyjson.go:34.9,36.4 1 0
github.com/NStegura/metrics/internal/app/metricsapi/models/models_easyjson.go:37.3,37.24 1 0
github.com/NStegura/metrics/internal/app/metricsapi/models/models_easyjson.go:37.24,42.4 4 0
github.com/NStegura/metrics/internal/app/metricsapi/models/models_easyjson.go:43.3,43.16 1 0
github.com/NStegura/metrics/internal/app/metricsapi/models/models_easyjson.go:45.2,45.16 1 0
github.com/NStegura/metrics/internal/app/metricsapi/models/models_easyjson.go:45.16,47.3 1 0
github.com/NStegura/metrics/internal/app/metricsapi/models/models_easyjson.go:49.117,50.59 1 0
github.com/NStegura/metrics/internal/app/metricsapi/models/models_easyjson.go:50.59,52.3 1 0
github.com/NStegura/metrics/internal/app/metricsapi/models/models_easyjson.go:52.8,54.26 2 0
github.com/NStegura/metrics/internal/app/metricsapi/models/models_easyjson.go:54.26,55.14 1 0
github.com/NStegura/metrics/internal/app/metricsapi/models/models_easyjson.go:55.14,57.5 1 0
github.com/NStegura/metrics/internal/app/metricsapi/models/models_easyjson.go:58.4,58.29 1 0
github.com/NStegura/metrics/internal/app/metricsapi/models/models_easyjson.go:60.3,60.19 1 0
github.com/NStegura/metrics/internal/app/metricsapi/models/models_easyjson.go:65.52,69.2 3 0
github.com/NStegura/metrics/internal/app/metricsapi/models/models_easyjson.go:72.57,74.2 1 0
github.com/NStegura/metrics/internal/app/metricsapi/models/models_easyjson.go:77.56,81.2 3 0
github.com/NStegura/metrics/internal/app/metricsapi/models/models_easyjson.go:84.58,86.2 1 0
github.com/NStegura/metrics/internal/app/metricsapi/models/models_easyjson.go:87.113,89.17 2 0
github.com/NStegura/metrics/internal/app/metricsapi/models/models_easyjson.go:89.17,90.17 1 0
github.com/NStegura/metrics/internal/app/metricsapi/models/models_easyjson.go:90.17,92.4 1 0
github.com/NStegura/metrics/internal/app/metricsapi/models/models_easyjson.go:93.3,94.9 2 0
github.com/NStegura/metrics/internal/app/metricsapi/models/models_easyjson.go:96.2,97.23 2 0
github.com/NStegura/metrics/internal/app/metricsapi/models/models_easyjson.go:97.23,100.18 3 0
github.com/NStegura/metrics/internal/app/metricsapi/models/models_easyjson.go:100.18,103.12 3 0
github.com/NStegura/metrics/internal/app/metricsapi/models/models_easyjson.go:105.3,105.14 1 0
github.com/NStegura/metrics/internal/app/metricsapi/models/models_easyjson.go:106.16,107.19 1 0
github.com/NStegura/metrics/internal/app/metricsapi/models/models_easyjson.go:107.19,110.5 2 0
github.com/NStegura/metrics/internal/app/metricsapi/models/models_easyjson.go:110.10,111.25 1 0
github.com/NStegura/metrics/internal/app/metricsapi/models/models_easyjson.go:111.25,113.6 1 0
github.com/NStegura/metrics/internal/app/metricsapi/models/models_easyjson.go:114.5,114.35 1 0
github.com/NStegura/metrics/internal/app/metricsapi/models/models_easyjson.go:116.16,117.19 1 0
github.com/NStegura/metrics/internal/app/metricsapi/models/models_easyjson.go:117.19,120.5 2 0
github.com/NStegura/metrics/internal/app/metricsapi/models/models_easyjson.go:120.10,121.25 1 0
github.com/NStegura/metrics/internal/app/metricsapi/models/models_easyjson.go:121.25,123.6 1 0
github.com/NStegura/metrics/internal/app/metricsapi/models/models_easyjson.go:124.5,124.39 1 0
github.com/NStegura/metrics/internal/app/metricsapi/models/models_easyjson.go:126.13,127.32 1 0
github.com/NStegura/metrics/internal/app/metricsapi/models/models_easyjson.go:128.15,129.35 1 0
github.com/NStegura/metrics/internal/app/metricsapi/models/models_easyjson.go:130.11,131.22 1 0
github.com/NStegura/metrics/internal/app/metricsapi/models/models_easyjson.go:133.3,133.17 1 0
github.com/NStegura/metrics/internal/app/metricsapi/models/models_easyjson.go:135.2,136.16 2 0
github.com/NStegura/metrics/internal/app/metricsapi/models/models_easyjson.go:136.16,138.3 1 0
github.com/NStegura/metrics/internal/app/metricsapi/models/models_easyjson.go:140.114,144.21 4 0
github.com/NStegura/metrics/internal/app/metricsapi/models/models_easyjson.go:144.21,149.3 4 0
github.com/NStegura/metrics/internal/app/metricsapi/models/models_easyjson.go:150.2,150.21 1 0
github.com/NStegura/metrics/internal/app/metricsapi/models/models_easyjson.go:150.21,152.12 2 0
github.com/NStegura/metrics/internal/app/metricsapi/models/models_easyjson.go:152.12,155.4 2 0
github.com/NStegura/metrics/internal/app/metricsapi/models/models_easyjson.go:155.9,157.4 1 0
github.com/NStegura/metrics/internal/app/metricsapi/models/models_easyjson.go:158.3,158.34 1 0
github.com/NStegura/metrics/internal/app/metricsapi/models/models_easyjson.go:160.2,162.12 2 0
github.com/NStegura/metrics/internal/app/metricsapi/models/models_easyjson.go:162.12,165.4 2 0
github.com/NStegura/metrics/internal/app/metricsapi/models/models_easyjson.go:165.9,167.4 1 0
github.com/NStegura/metrics/internal/app/metricsapi/models/models_easyjson.go:168.3,168.28 1 0
github.com/NStegura/metrics/internal/app/metricsapi/models/models_easyjson.go:170.2,174.3 3 0
github.com/NStegura/metrics/internal/app/metricsapi/models/models_easyjson.go:175.2,175.18 1 0
github.com/NStegura/metrics/internal/app/metricsapi/models/models_easyjson.go:179.48,183.2 3 0
github.com/NStegura/metrics/internal/app/metricsapi/models/models_easyjson.go:186.53,188.2 1 0
github.com/NStegura/metrics/internal/app/metricsapi/models/models_easyjson.go:191.52,195.2 3 0
github.com/NStegura/metrics/internal/app/metricsapi/models/models_easyjson.go:198.54,200.2 1 0
github.com/NStegura/metrics/internal/app/metricsapi/models/models_easyjson.go:201.112,203.17 2 0
github.com/NStegura/metrics/internal/app/metricsapi/models/models_easyjson.go:203.17,204.17 1 0
github.com/NStegura/metrics/internal/app/metricsapi/models/models_easyjson.go:204.17,206.4 1 0
github.com/NStegura/metrics/internal/app/metricsapi/models/models_easyjson.go:207.3,208.9 2 0
github.com/NStegura/metrics/internal/app/metricsapi/models/models_easyjson.go:210.2,211.23 2 0
github.com/NStegura/metrics/internal/app/metricsapi/models/models_easyjson.go:211.23,214.18 3 0
github.com/NStegura/metrics/internal/app/metricsapi/models/models_easyjson.go:214.18,217.12 3 0
github.com/NStegura/metrics/internal/app/metricsapi/models/models_easyjson.go:219.3,219.14 1 0
github.com/NStegura/metrics/internal/app/metricsapi/models/models_easyjson.go:220.15,221.34 1 0
github.com/NStegura/metrics/internal/app/metricsapi/models/models_easyjson.go:222.15,223.34 1 0
github.com/NStegura/metrics/internal/app/metricsapi/models/models_easyjson.go:224.16,225.35 1 0
github.com/NStegura/metrics/internal/app/metricsapi/models/models_easyjson.go:226.11,227.22 1 0
github.com/NStegura/metrics/internal/app/metricsapi/models/models_easyjson.go:229.3,229.17 1 0
github.com/NStegura/metrics/internal/app/metricsapi/models/models_easyjson.go:231.2,232.16 2 0
github.com/NStegura/metrics/internal/app/metricsapi/models/models_easyjson.go:232.16,234.3 1 0
github.com/NStegura/metrics/internal/app/metricsapi/models/models_easyjson.go:236.113,240.2 4 0
github.com/NStegura/metrics/internal/app/metricsapi/models/models_easyjson.go:240.2,244.3 3 0
github.com/NStegura/metrics/internal/app/metricsapi/models/models_easyjson.go:245.2,249.3 3 0
github.com/NStegura/metrics/internal/app/metricsapi/models/models_easyjson.go:250.2,254.3 3 0
github.com/NStegura/metrics/internal/app/metricsapi/models/models_easyjson.go:255.2,255.18 1 0
github.com/NStegura/metrics/internal/app/metricsapi/models/models_easyjson.go:259.47,263.2 3 0
github.com/NStegura/metrics/internal/app/metricsapi/models/models_easyjson.go:266.52,268.2 1 0
github.com/NStegura/metrics/internal/app/metricsapi/models/models_easyjson.go:271.51,275.2 3 0
github.com/NStegura/metrics/internal/app/metricsapi/models/models_easyjson.go:278.53,280.2 1 0
github.com/NStegura/metrics/internal/app/metricsapi/models/models_easyjson.go:281.117,283.17 2 0
github.com/NStegura/metrics/internal/app/metricsapi/models/models_easyjson.go:283.17,284.17 1 0
github.com/NStegura/metrics/internal/app/metricsapi/models/models_easyjson.go:284.17,286.4 1 0
github.com/NStegura/metrics/internal/app/metricsapi/models/models_easyjson.go:287.3,288.9 2 0
github.com/NStegura/metrics/internal/app/metricsapi/models/models_easyjson.go:290.2,291.23 2 0
github.com/NStegura/metrics/internal/app/metricsapi/models/models_easyjson.go:291.23,294.18 3 0
github.com/NStegura/metrics/internal/app/metricsapi/models/models_easyjson.go:294.18,297.12 3 0
github.com/NStegura/metrics/internal/app/metricsapi/models/models_easyjson.go:299.3,299.14 1 0
github.com/NStegura/metrics/internal/app/metricsapi/models/models_easyjson.go:300.15,301.34 1 0
github.com/NStegura/metrics/internal/app/metricsapi/models/models_easyjson.go:302.15,303.34 1 0
github.com/NStegura/metrics/internal/app/metricsapi/models/models_easyjson.go:304.16,305.37 1 0
github.com/NStegura/metrics/internal/app/metricsapi/models/models_easyjson.go:306.11,307.22 1 0
github.com/NStegura/metrics/internal/app/metricsapi/models/models_easyjson.go:309.3,309.17 1 0
github.com/NStegura/metrics/internal/app/metricsapi/models/models_easyjson.go:311.2,312.16 2 0
github.com/NStegura/metrics/internal/app/metricsapi/models/models_easyjson.go:312.16,314.3 1 0
github.com/NStegura/metrics/internal/app/metricsapi/models/models_easyjson.go:316.118,320.2 4 0
github.com/NStegura/metrics/internal/app/metricsapi/models/models_easyjson.go:320.2,324.3 3 0
github.com/NStegura/metrics/internal/app/metricsapi/models/models_easyjson.go:325.2,329.3 3 0
github.com/NStegura/metrics/internal/app/metricsapi/models/models_easyjson.go:330.2,334.3 3 0
github.com/NStegura/metrics/internal/app/metricsapi/models/models_easyjson.go:335.2,335.18 1 0
github.com/NStegura/metrics/internal/app/metricsapi/models/models_easyjson.go:339.52,343.2 3 0
github.com/NStegura/metrics/internal/app/metricsapi/models/models_easyjson.go:346.57,348.2 1 0
github.com/NStegura/metrics/internal/app/metricsapi/models/models_easyjson.go:351.56,355.2 3 0
github.com/NStegura/metrics/internal/app/metricsapi/models/models_easyjson.go:358.58,360.2 1 0
github.com/NStegura/metrics/internal/app/metricsapi/models/models_easyjson.go:361.119,363.17 2 0
github.com/NStegura/metrics/internal/app/metricsapi/models/models_easyjson.go:363.17,364.17 1 0
github.com/NStegura/metrics/internal/app/metricsapi/models/models_easyjson.go:364.17,366.4 1 0
github.com/NStegura/metrics/internal/app/metricsapi/models/models_easyjson.go:367.3,368.9 2 0
github.com/NStegura/metrics/internal/app/metricsapi/models/models_easyjson.go:370.2,371.23 2 0
github.com/NStegura/metrics/internal/app/metricsapi/models/models_easyjson.go:371.23,374.18 3 0
github.com/NStegura/metrics/internal/app/metricsapi/models/models_easyjson.go:374.18,377.12 3 0
github.com/NStegura/metrics/internal/app/metricsapi/models/models_easyjson.go:379.3,379.14 1 0
github.com/NStegura/metrics/internal/app/metricsapi/models/models_easyjson.go:380.15,381.34 1 0
github.com/NStegura/metrics/internal/app/metricsapi/models/models_easyjson.go:382.15,383.34 1 0
github.com/NStegura/metrics/internal/app/metricsapi/models/models_easyjson.go:384.16,385.33 1 0
github.com/NStegura/metrics/internal/app/metricsapi/models/models_easyjson.go:386.11,387.22 1 0
github.com/NStegura/metrics/internal/app/metricsapi/models/models_easyjson.go:389.3,389.17 1 0
github.com/NStegura/metrics/internal/app/metricsapi/models/models_easyjson.go:391.2,392.16 2 0
github.com/NStegura/metrics/internal/app/metricsapi/models/models_easyjson.go:392.16,394.3 1 0
github.com/NStegura/metrics/internal/app/metricsapi/models/models_easyjson.go:396.120,400.2 4 0
github.com/NStegura/metrics/internal/app/metricsapi/models/models_easyjson.go:400.2,404.3 3 0
github.com/NStegura/metrics/internal/app/metricsapi/models/models_easyjson.go:405.2,409.3 3 0
github.com/NStegura/metrics/internal/app/metricsapi/models/models_easyjson.go:410.2,414.3 3 0
github.com/NStegura/metrics/internal/app/metricsapi/models/models_easyjson.go:415.2,415.18 1 0
github.com/NStegura/metrics/internal/app/metricsapi/models/models_easyjson.go:419.54,423.2 3 0
github.com/NStegura/metrics/internal/app/metricsapi/models/models_easyjson.go:426.59,428.2 1 0
github.com/NStegura/metrics/internal/app/metricsapi/models/models_easyjson.go:431.58,435.2 3 0
github.com/NStegura/metrics/internal/app/metricsapi/models/models_easyjson.go:438.60,440.2 1 0
github.com/NStegura/metrics/internal/business/business.go:26.55,28.2 1 1
github.com/NStegura/metrics/internal/business/business.go:31.84,33.16 2 1
github.com/NStegura/metrics/internal/business/business.go:33.16,34.47 1 0
github.com/NStegura/metrics/internal/business/business.go:34.47,36.4 1 0
github.com/NStegura/metrics/internal/business/business.go:37.3,37.62 1 0
github.com/NStegura/metrics/internal/business/business.go:40.2,40.22 1 1
github.com/NStegura/metrics/internal/business/business.go:44.96,46.16 2 1
github.com/NStegura/metrics/internal/business/business.go:46.16,47.47 1 1
github.com/NStegura/metrics/internal/business/business.go:47.47,49.18 2 1
github.com/NStegura/metrics/internal/business/business.go:49.18,51.5 1 0
github.com/NStegura/metrics/internal/business/business.go:52.4,52.14 1 1
github.com/NStegura/metrics/internal/business/business.go:54.3,54.59 1 0
github.com/NStegura/metrics/internal/business/business.go:56.2,57.8 2 0
github.com/NStegura/metrics/internal/business/business.go:61.84,63.16 2 0
github.com/NStegura/metrics/internal/business/business.go:63.16,64.47 1 0
github.com/NStegura/metrics/internal/business/business.go:64.47,66.4 1 0
github.com/NStegura/metrics/internal/business/business.go:67.3,67.64 1 0
github.com/NStegura/metrics/internal/business/business.go:70.2,70.22 1 0
github.com/NStegura/metrics/internal/business/business.go:74.100,76.16 2 0
github.com/NStegura/metrics/internal/business/business.go:76.16,77.47 1 0
github.com/NStegura/metrics/internal/business/business.go:77.47,79.18 2 0
github.com/NStegura/metrics/internal/business/business.go:79.18,81.5 1 0
github.com/NStegura/metrics/internal/business/business.go:82.4,82.14 1 0
github.com/NStegura/metrics/internal/business/business.go:84.3,84.61 1 0
github.com/NStegura/metrics/internal/business/business.go:87.2,89.8 3 0
github.com/NStegura/metrics/internal/business/business.go:93.110,98.16 4 0
github.com/NStegura/metrics/internal/business/business.go:98.16,100.3 1 0
github.com/NStegura/metrics/internal/business/business.go:102.2,102.30 1 0
github.com/NStegura/metrics/internal/business/business.go:102.30,108.3 1 0
github.com/NStegura/metrics/internal/business/business.go:109.2,109.30 1 0
github.com/NStegura/metrics/internal/business/business.go:109.30,115.3 1 0
github.com/NStegura/metrics/internal/business/business.go:116.2,116.27 1 0
github.com/NStegura/metrics/internal/business/business.go:116.27,118.3 1 0
github.com/NStegura/metrics/internal/business/business.go:120.2,120.42 1 0
github.com/NStegura/metrics/internal/business/business.go:124.49,126.16 2 0
github.com/NStegura/metrics/internal/business/business.go:126.16,128.3 1 0
github.com/NStegura/metrics/internal/business/business.go:129.2,129.12 1 0
github.com/NStegura/metrics/internal/business/models/models.go:17.37,17.54 1 0
github.com/NStegura/metrics/internal/business/models/models.go:18.37,18.64 1 0
github.com/NStegura/metrics/internal/business/models/models.go:19.37,19.69 1 0
github.com/NStegura/metrics/internal/customerrors/errors.go:14.39,16.2 1 0
github.com/NStegura/metrics/internal/repo/repository.go:37.23,38.17 1 1
github.com/NStegura/metrics/internal/repo/repository.go:38.17,40.17 2 0
github.com/NStegura/metrics/internal/repo/repository.go:40.17,42.4 1 0
github.com/NStegura/metrics/internal/repo/repository.go:43.3,43.19 1 0
github.com/NStegura/metrics/internal/repo/repository.go:46.2,46.13 1 1
github.com/NStegura/metrics/internal/repo/repository.go:46.13,48.17 2 0
github.com/NStegura/metrics/internal/repo/repository.go:48.17,50.4 1 0
github.com/NStegura/metrics/internal/repo/repository.go:51.3,51.19 1 0
github.com/NStegura/metrics/internal/repo/repository.go:54.2,56.16 3 1
github.com/NStegura/metrics/internal/repo/repository.go:56.16,58.3 1 0
github.com/NStegura/metrics/internal/repo/repository.go:59.2,59.18 1 1
github.com/NStegura/metrics/internal/repo/repository.go:62.91,65.16 3 0
github.com/NStegura/metrics/internal/repo/repository.go:65.16,67.3 1 0
github.com/NStegura/metrics/internal/repo/repository.go:68.2,69.16 2 0
github.com/NStegura/metrics/internal/repo/repository.go:69.16,71.3 1 0
github.com/NStegura/metrics/internal/repo/repository.go:72.2,72.18 1 0
github.com/NStegura/metrics/internal/repo/repository.go:80.23,83.16 3 0
github.com/NStegura/metrics/internal/repo/repository.go:83.16,85.3 1 0
github.com/NStegura/metrics/internal/repo/repository.go:86.2,87.16 2 0
github.com/NStegura/metrics/internal/repo/repository.go:87.16,89.3 1 0
github.com/NStegura/metrics/internal/repo/repository.go:90.2,90.18 1 0
github.com/NStegura/metrics/internal/repo/internal/db/db.go:26.79,28.16 2 0
github.com/NStegura/metrics/internal/repo/internal/db/db.go:28.16,30.3 1 0
github.com/NStegura/metrics/internal/repo/internal/db/db.go:31.2,34.8 1 0
github.com/NStegura/metrics/internal/repo/internal/db/db.go:41.37,44.72 2 0
github.com/NStegura/metrics/internal/repo/internal/db/db.go:44.72,46.3 1 0
github.com/NStegura/metrics/internal/repo/internal/db/db.go:48.2,49.59 2 0
github.com/NStegura/metrics/internal/repo/internal/db/db.go:49.59,51.3 1 0
github.com/NStegura/metrics/internal/repo/internal/db/db.go:52.2,52.12 1 0
github.com/NStegura/metrics/internal/repo/internal/db/db.go:56.43,59.2 2 0
github.com/NStegura/metrics/internal/repo/internal/db/db.go:62.47,65.16 3 0
github.com/NStegura/metrics/internal/repo/internal/db/db.go:65.16,67.3 1 0
github.com/NStegura/metrics/internal/repo/internal/db/db.go:68.2,68.12 1 0
github.com/NStegura/metrics/internal/repo/internal/db/db.go:72.103,86.16 4 0
github.com/NStegura/metrics/internal/repo/internal/db/db.go:86.16,87.36 1 0
github.com/NStegura/metrics/internal/repo/internal/db/db.go:87.36,90.4 2 0
github.com/NStegura/metrics/internal/repo/internal/db/db.go:91.3,91.62 1 0
github.com/NStegura/metrics/internal/repo/internal/db/db.go:94.2,94.16 1 0
github.com/NStegura/metrics/internal/repo/internal/db/db.go:98.102,102.16 3 0
github.com/NStegura/metrics/internal/repo/internal/db/db.go:102.16,104.3 1 0
github.com/NStegura/metrics/internal/repo/internal/db/db.go:106.2,118.16 4 0
github.com/NStegura/metrics/internal/repo/internal/db/db.go:118.16,120.3 1 0
github.com/NStegura/metrics/internal/repo/internal/db/db.go:121.2,126.16 4 0
github.com/NStegura/metrics/internal/repo/internal/db/db.go:126.16,128.3 1 0
github.com/NStegura/metrics/internal/repo/internal/db/db.go:129.2,129.12 1 0
github.com/NStegura/metrics/internal/repo/internal/db/db.go:133.88,137.16 3 0
github.com/NStegura/metrics/internal/repo/internal/db/db.go:137.16,139.3 1 0
github.com/NStegura/metrics/internal/repo/internal/db/db.go:141.2,152.16 3 0
github.com/NStegura/metrics/internal/repo/internal/db/db.go:152.16,154.3 1 0
github.com/NStegura/metrics/internal/repo/internal/db/db.go:155.2,155.29 1 0
github.com/NStegura/metrics/internal/repo/internal/db/db.go:155.29,158.3 2 0
github.com/NStegura/metrics/internal/repo/internal/db/db.go:160.2,162.16 3 0
github.com/NStegura/metrics/internal/repo/internal/db/db.go:162.16,164.3 1 0
github.com/NStegura/metrics/internal/repo/internal/db/db.go:165.2,165.12 1 0
github.com/NStegura/metrics/internal/repo/internal/db/db.go:169.99,183.16 4 0
github.com/NStegura/metrics/internal/repo/internal/db/db.go:183.16,184.36 1 0
github.com/NStegura/metrics/internal/repo/internal/db/db.go:184.36,188.4 3 0
github.com/NStegura/metrics/internal/repo/internal/db/db.go:189.3,190.60 2 0
github.com/NStegura/metrics/internal/repo/internal/db/db.go:192.2,192.16 1 0
github.com/NStegura/metrics/internal/repo/internal/db/db.go:196.102,200.16 3 0
github.com/NStegura/metrics/internal/repo/internal/db/db.go:200.16,202.3 1 0
github.com/NStegura/metrics/internal/repo/internal/db/db.go:204.2,217.16 4 0
github.com/NStegura/metrics/internal/repo/internal/db/db.go:217.16,219.3 1 0
github.com/NStegura/metrics/internal/repo/internal/db/db.go:220.2,224.16 4 0
github.com/NStegura/metrics/internal/repo/internal/db/db.go:224.16,226.3 1 0
github.com/NStegura/metrics/internal/repo/internal/db/db.go:227.2,227.12 1 0
github.com/NStegura/metrics/internal/repo/internal/db/db.go:231.88,235.16 3 0
github.com/NStegura/metrics/internal/repo/internal/db/db.go:235.16,237.3 1 0
github.com/NStegura/metrics/internal/repo/internal/db/db.go:239.2,250.16 3 0
github.com/NStegura/metrics/internal/repo/internal/db/db.go:250.16,252.3 1 0
github.com/NStegura/metrics/internal/repo/internal/db/db.go:253.2,253.29 1 0
github.com/NStegura/metrics/internal/repo/internal/db/db.go:253.29,256.3 2 0
github.com/NStegura/metrics/internal/repo/internal/db/db.go:257.2,259.16 3 0
github.com/NStegura/metrics/internal/repo/internal/db/db.go:259.16,261.3 1 0
github.com/NStegura/metrics/internal/repo/internal/db/db.go:262.2,262.12 1 0
github.com/NStegura/metrics/internal/repo/internal/db/db.go:266.116,284.16 6 0
github.com/NStegura/metrics/internal/repo/internal/db/db.go:284.16,287.3 2 0
github.com/NStegura/metrics/internal/repo/internal/db/db.go:289.2,291.18 2 0
github.com/NStegura/metrics/internal/repo/internal/db/db.go:291.18,299.36 4 0
github.com/NStegura/metrics/internal/repo/internal/db/db.go:299.36,302.4 2 0
github.com/NStegura/metrics/internal/repo/internal/db/db.go:305.2,305.31 1 0
github.com/NStegura/metrics/internal/repo/internal/db/db.go:305.31,306.17 1 0
github.com/NStegura/metrics/internal/repo/internal/db/db.go:307.16,308.85 1 0
github.com/NStegura/metrics/internal/repo/internal/db/db.go:309.18,310.94 1 0
github.com/NStegura/metrics/internal/repo/internal/db/db.go:313.2,313.8 1 0
github.com/NStegura/metrics/internal/repo/internal/db/db.go:316.113,318.22 2 0
github.com/NStegura/metrics/internal/repo/internal/db/db.go:319.13,320.61 1 0
github.com/NStegura/metrics/internal/repo/internal/db/db.go:321.15,322.63 1 0
github.com/NStegura/metrics/internal/repo/internal/db/db.go:323.10,325.9 2 0
github.com/NStegura/metrics/internal/repo/internal/db/db.go:328.2,341.16 4 0
github.com/NStegura/metrics/internal/repo/internal/db/db.go:341.16,343.3 1 0
github.com/NStegura/metrics/internal/repo/internal/db/db.go:344.2,344.53 1 0
github.com/NStegura/metrics/internal/repo/internal/mem/backuprepo.go:34.24,45.2 1 0
github.com/NStegura/metrics/internal/repo/internal/mem/backuprepo.go:48.109,50.16 2 0
github.com/NStegura/metrics/internal/repo/internal/mem/backuprepo.go:50.16,52.3 1 0
github.com/NStegura/metrics/internal/repo/internal/mem/backuprepo.go:53.2,53.21 1 0
github.com/NStegura/metrics/internal/repo/internal/mem/backuprepo.go:53.21,55.17 2 0
github.com/NStegura/metrics/internal/repo/internal/mem/backuprepo.go:55.17,57.4 1 0
github.com/NStegura/metrics/internal/repo/internal/mem/backuprepo.go:59.2,59.12 1 0
github.com/NStegura/metrics/internal/repo/internal/mem/backuprepo.go:63.95,65.16 2 0
github.com/NStegura/metrics/internal/repo/internal/mem/backuprepo.go:65.16,67.3 1 0
github.com/NStegura/metrics/internal/repo/internal/mem/backuprepo.go:68.2,68.21 1 0
github.com/NStegura/metrics/internal/repo/internal/mem/backuprepo.go:68.21,70.17 2 0
github.com/NStegura/metrics/internal/repo/internal/mem/backuprepo.go:70.17,72.4 1 0
github.com/NStegura/metrics/internal/repo/internal/mem/backuprepo.go:74.2,74.12 1 0
github.com/NStegura/metrics/internal/repo/internal/mem/backuprepo.go:78.109,80.16 2 0
github.com/NStegura/metrics/internal/repo/internal/mem/backuprepo.go:80.16,82.3 1 0
github.com/NStegura/metrics/internal/repo/internal/mem/backuprepo.go:83.2,83.21 1 0
github.com/NStegura/metrics/internal/repo/internal/mem/backuprepo.go:83.21,85.17 2 0
github.com/NStegura/metrics/internal/repo/internal/mem/backuprepo.go:85.17,87.4 1 0
github.com/NStegura/metrics/internal/repo/internal/mem/backuprepo.go:89.2,89.12 1 0
github.com/NStegura/metrics/internal/repo/internal/mem/backuprepo.go:93.95,95.16 2 0
github.com/NStegura/metrics/internal/repo/internal/mem/backuprepo.go:95.16,97.3 1 0
github.com/NStegura/metrics/internal/repo/internal/mem/backuprepo.go:98.2,98.21 1 0
github.com/NStegura/metrics/internal/repo/internal/mem/backuprepo.go:98.21,100.17 2 0
github.com/NStegura/metrics/internal/repo/internal/mem/backuprepo.go:100.17,102.4 1 0
github.com/NStegura/metrics/internal/repo/internal/mem/backuprepo.go:104.2,104.12 1 0
github.com/NStegura/metrics/internal/repo/internal/mem/backuprepo.go:108.66,112.16 3 0
github.com/NStegura/metrics/internal/repo/internal/mem/backuprepo.go:112.16,114.3 1 0
github.com/NStegura/metrics/internal/repo/internal/mem/backuprepo.go:115.2,117.12 2 0
github.com/NStegura/metrics/internal/repo/internal/mem/backuprepo.go:117.12,119.17 2 0
github.com/NStegura/metrics/internal/repo/internal/mem/backuprepo.go:119.17,121.4 1 0
github.com/NStegura/metrics/internal/repo/internal/mem/backuprepo.go:123.2,123.12 1 0
github.com/NStegura/metrics/internal/repo/internal/mem/backuprepo.go:127.50,130.16 3 0
github.com/NStegura/metrics/internal/repo/internal/mem/backuprepo.go:130.16,132.3 1 0
github.com/NStegura/metrics/internal/repo/internal/mem/backuprepo.go:135.42,136.26 1 0
github.com/NStegura/metrics/internal/repo/internal/mem/backuprepo.go:136.26,139.3 2 0
github.com/NStegura/metrics/internal/repo/internal/mem/backuprepo.go:140.2,140.6 1 0
github.com/NStegura/metrics/internal/repo/internal/mem/backuprepo.go:140.6,143.17 3 0
github.com/NStegura/metrics/internal/repo/internal/mem/backuprepo.go:143.17,145.4 1 0
github.com/NStegura/metrics/internal/repo/internal/mem/backuprepo.go:149.41,150.29 1 0
github.com/NStegura/metrics/internal/repo/internal/mem/backuprepo.go:150.29,153.3 2 0
github.com/NStegura/metrics/internal/repo/internal/mem/backuprepo.go:155.2,156.16 2 0
github.com/NStegura/metrics/internal/repo/internal/mem/backuprepo.go:156.16,158.3 1 0
github.com/NStegura/metrics/internal/repo/internal/mem/backuprepo.go:160.2,165.51 4 0
github.com/NStegura/metrics/internal/repo/internal/mem/backuprepo.go:165.51,168.17 3 0
github.com/NStegura/metrics/internal/repo/internal/mem/backuprepo.go:168.17,170.4 1 0
github.com/NStegura/metrics/internal/repo/internal/mem/backuprepo.go:173.2,174.16 2 0
github.com/NStegura/metrics/internal/repo/internal/mem/backuprepo.go:174.16,176.3 1 0
github.com/NStegura/metrics/internal/repo/internal/mem/backuprepo.go:177.2,177.15 1 0
github.com/NStegura/metrics/internal/repo/internal/mem/backuprepo.go:177.15,179.3 1 0
github.com/NStegura/metrics/internal/repo/internal/mem/backuprepo.go:180.2,181.16 2 0
github.com/NStegura/metrics/internal/repo/internal/mem/backuprepo.go:181.16,183.3 1 0
github.com/NStegura/metrics/internal/repo/internal/mem/backuprepo.go:184.2,184.44 1 0
github.com/NStegura/metrics/internal/repo/internal/mem/backuprepo.go:184.44,186.3 1 0
github.com/NStegura/metrics/internal/repo/internal/mem/backuprepo.go:187.2,187.12 1 0
github.com/NStegura/metrics/internal/repo/internal/mem/backuprepo.go:190.74,198.16 4 0
github.com/NStegura/metrics/internal/repo/internal/mem/backuprepo.go:198.16,200.3 1 0
github.com/NStegura/metrics/internal/repo/internal/mem/backuprepo.go:201.2,203.16 3 0
github.com/NStegura/metrics/internal/repo/internal/mem/backuprepo.go:203.16,205.3 1 0
github.com/NStegura/metrics/internal/repo/internal/mem/backuprepo.go:206.2,206.55 1 0
github.com/NStegura/metrics/internal/repo/internal/mem/backuprepo.go:206.55,208.3 1 0
github.com/NStegura/metrics/internal/repo/internal/mem/backuprepo.go:210.2,210.21 1 0
github.com/NStegura/metrics/internal/repo/internal/mem/custom_errors.go:9.37,11.2 1 0
github.com/NStegura/metrics/internal/repo/internal/mem/memrepo.go:29.68,35.2 1 1
github.com/NStegura/metrics/internal/repo/internal/mem/memrepo.go:38.110,40.9 2 0
github.com/NStegura/metrics/internal/repo/internal/mem/memrepo.go:40.9,43.3 2 0
github.com/NStegura/metrics/internal/repo/internal/mem/memrepo.go:44.2,44.21 1 0
github.com/NStegura/metrics/internal/repo/internal/mem/memrepo.go:48.109,51.2 2 0
github.com/NStegura/metrics/internal/repo/internal/mem/memrepo.go:54.95,56.9 2 0
github.com/NStegura/metrics/internal/repo/internal/mem/memrepo.go:56.9,58.3 1 0
github.com/NStegura/metrics/internal/repo/internal/mem/memrepo.go:59.2,60.12 2 0
github.com/NStegura/metrics/internal/repo/internal/mem/memrepo.go:64.106,66.9 2 1
github.com/NStegura/metrics/internal/repo/internal/mem/memrepo.go:66.9,69.3 2 1
github.com/NStegura/metrics/internal/repo/internal/mem/memrepo.go:70.2,70.21 1 1
github.com/NStegura/metrics/internal/repo/internal/mem/memrepo.go:74.109,77.2 2 1
github.com/NStegura/metrics/internal/repo/internal/mem/memrepo.go:80.95,82.9 2 0
github.com/NStegura/metrics/internal/repo/internal/mem/memrepo.go:82.9,84.3 1 0
github.com/NStegura/metrics/internal/repo/internal/mem/memrepo.go:85.2,86.12 2 0
github.com/NStegura/metrics/internal/repo/internal/mem/memrepo.go:90.111,93.43 3 0
github.com/NStegura/metrics/internal/repo/internal/mem/memrepo.go:93.43,95.3 1 0
github.com/NStegura/metrics/internal/repo/internal/mem/memrepo.go:96.2,96.45 1 0
github.com/NStegura/metrics/internal/repo/internal/mem/memrepo.go:96.45,98.3 1 0
github.com/NStegura/metrics/internal/repo/internal/mem/memrepo.go:99.2,99.42 1 0
github.com/NStegura/metrics/internal/repo/internal/mem/memrepo.go:102.52,104.2 1 0
github.com/NStegura/metrics/internal/repo/internal/mem/memrepo.go:106.54,109.2 2 0
